Copyright 1986-2017 Xilinx, Inc. All Rights Reserved.
------------------------------------------------------------------------------------------------
| Tool Version : Vivado v.2017.3 (win64) Build 2018833 Wed Oct  4 19:58:22 MDT 2017
| Date         : Fri Dec  8 12:34:32 2017
| Host         : DESKTOP-N854F8E running 64-bit major release  (build 9200)
| Command      : report_control_sets -file microSense_top_level_wrapper_control_sets_placed.rpt
| Design       : microSense_top_level_wrapper
| Device       : xc7a35t
------------------------------------------------------------------------------------------------

Control Set Information

Table of Contents
-----------------
1. Summary
2. Flip-Flop Distribution

1. Summary
----------

+-------------------------------+-------+
|             Status            | Count |
+-------------------------------+-------+
| Number of unique control sets |   170 |
+-------------------------------+-------+


2. Flip-Flop Distribution
-------------------------

+--------------+-----------------------+------------------------+-----------------+--------------+
| Clock Enable | Synchronous Set/Reset | Asynchronous Set/Reset | Total Registers | Total Slices |
+--------------+-----------------------+------------------------+-----------------+--------------+
| No           | No                    | No                     |             278 |           98 |
| No           | No                    | Yes                    |              47 |           15 |
| No           | Yes                   | No                     |             389 |          150 |
| Yes          | No                    | No                     |             282 |           84 |
| Yes          | No                    | Yes                    |              15 |            8 |
| Yes          | Yes                   | No                     |             705 |          245 |
+--------------+-----------------------+------------------------+-----------------+--------------+


