
*** Running vivado
    with args -log microSense_top_level_axi_gpio_2_0.vds -m64 -product Vivado -mode batch -messageDb vivado.pb -notrace -source microSense_top_level_axi_gpio_2_0.tcl


****** Vivado v2017.3 (64-bit)
  **** SW Build 2018833 on Wed Oct  4 19:58:22 MDT 2017
  **** IP Build 2016188 on Wed Oct  4 21:52:56 MDT 2017
    ** Copyright 1986-2017 Xilinx, Inc. All Rights Reserved.

source microSense_top_level_axi_gpio_2_0.tcl -notrace
Starting RTL Elaboration : Time (s): cpu = 00:00:16 ; elapsed = 00:00:18 . Memory (MB): peak = 354.516 ; gain = 94.281
INFO: [Synth 8-638] synthesizing module 'microSense_top_level_axi_gpio_2_0' [c:/Users/Aklas/Desktop/microSense_topLevel/microSense/microSense.srcs/sources_1/bd/microSense_top_level/ip/microSense_top_level_axi_gpio_2_0/synth/microSense_top_level_axi_gpio_2_0.vhd:85]
INFO: [Synth 8-638] synthesizing module 'axi_gpio' [c:/Users/Aklas/Desktop/microSense_topLevel/microSense/microSense.srcs/sources_1/bd/microSense_top_level/ipshared/e9c1/hdl/axi_gpio_v2_0_vh_rfs.vhd:1358]
INFO: [Synth 8-638] synthesizing module 'axi_lite_ipif' [c:/Users/Aklas/Desktop/microSense_topLevel/microSense/microSense.srcs/sources_1/bd/microSense_top_level/ipshared/cced/hdl/axi_lite_ipif_v3_0_vh_rfs.vhd:2948]
INFO: [Synth 8-638] synthesizing module 'slave_attachment' [c:/Users/Aklas/Desktop/microSense_topLevel/microSense/microSense.srcs/sources_1/bd/microSense_top_level/ipshared/cced/hdl/axi_lite_ipif_v3_0_vh_rfs.vhd:2341]
INFO: [Synth 8-638] synthesizing module 'address_decoder' [c:/Users/Aklas/Desktop/microSense_topLevel/microSense/microSense.srcs/sources_1/bd/microSense_top_level/ipshared/cced/hdl/axi_lite_ipif_v3_0_vh_rfs.vhd:1775]
INFO: [Synth 8-638] synthesizing module 'pselect_f' [c:/Users/Aklas/Desktop/microSense_topLevel/microSense/microSense.srcs/sources_1/bd/microSense_top_level/ipshared/cced/hdl/axi_lite_ipif_v3_0_vh_rfs.vhd:1534]
INFO: [Synth 8-256] done synthesizing module 'pselect_f' (1#1) [c:/Users/Aklas/Desktop/microSense_topLevel/microSense/microSense.srcs/sources_1/bd/microSense_top_level/ipshared/cced/hdl/axi_lite_ipif_v3_0_vh_rfs.vhd:1534]
INFO: [Synth 8-638] synthesizing module 'pselect_f__parameterized0' [c:/Users/Aklas/Desktop/microSense_topLevel/microSense/microSense.srcs/sources_1/bd/microSense_top_level/ipshared/cced/hdl/axi_lite_ipif_v3_0_vh_rfs.vhd:1534]
INFO: [Synth 8-256] done synthesizing module 'pselect_f__parameterized0' (1#1) [c:/Users/Aklas/Desktop/microSense_topLevel/microSense/microSense.srcs/sources_1/bd/microSense_top_level/ipshared/cced/hdl/axi_lite_ipif_v3_0_vh_rfs.vhd:1534]
INFO: [Synth 8-638] synthesizing module 'pselect_f__parameterized1' [c:/Users/Aklas/Desktop/microSense_topLevel/microSense/microSense.srcs/sources_1/bd/microSense_top_level/ipshared/cced/hdl/axi_lite_ipif_v3_0_vh_rfs.vhd:1534]
INFO: [Synth 8-256] done synthesizing module 'pselect_f__parameterized1' (1#1) [c:/Users/Aklas/Desktop/microSense_topLevel/microSense/microSense.srcs/sources_1/bd/microSense_top_level/ipshared/cced/hdl/axi_lite_ipif_v3_0_vh_rfs.vhd:1534]
INFO: [Synth 8-638] synthesizing module 'pselect_f__parameterized2' [c:/Users/Aklas/Desktop/microSense_topLevel/microSense/microSense.srcs/sources_1/bd/microSense_top_level/ipshared/cced/hdl/axi_lite_ipif_v3_0_vh_rfs.vhd:1534]
INFO: [Synth 8-256] done synthesizing module 'pselect_f__parameterized2' (1#1) [c:/Users/Aklas/Desktop/microSense_topLevel/microSense/microSense.srcs/sources_1/bd/microSense_top_level/ipshared/cced/hdl/axi_lite_ipif_v3_0_vh_rfs.vhd:1534]
INFO: [Synth 8-256] done synthesizing module 'address_decoder' (2#1) [c:/Users/Aklas/Desktop/microSense_topLevel/microSense/microSense.srcs/sources_1/bd/microSense_top_level/ipshared/cced/hdl/axi_lite_ipif_v3_0_vh_rfs.vhd:1775]
INFO: [Synth 8-256] done synthesizing module 'slave_attachment' (3#1) [c:/Users/Aklas/Desktop/microSense_topLevel/microSense/microSense.srcs/sources_1/bd/microSense_top_level/ipshared/cced/hdl/axi_lite_ipif_v3_0_vh_rfs.vhd:2341]
INFO: [Synth 8-256] done synthesizing module 'axi_lite_ipif' (4#1) [c:/Users/Aklas/Desktop/microSense_topLevel/microSense/microSense.srcs/sources_1/bd/microSense_top_level/ipshared/cced/hdl/axi_lite_ipif_v3_0_vh_rfs.vhd:2948]
INFO: [Synth 8-638] synthesizing module 'GPIO_Core' [c:/Users/Aklas/Desktop/microSense_topLevel/microSense/microSense.srcs/sources_1/bd/microSense_top_level/ipshared/e9c1/hdl/axi_gpio_v2_0_vh_rfs.vhd:178]
INFO: [Synth 8-638] synthesizing module 'cdc_sync' [c:/Users/Aklas/Desktop/microSense_topLevel/microSense/microSense.srcs/sources_1/bd/microSense_top_level/ipshared/ef1e/hdl/lib_cdc_v1_0_rfs.vhd:106]
INFO: [Synth 8-256] done synthesizing module 'cdc_sync' (5#1) [c:/Users/Aklas/Desktop/microSense_topLevel/microSense/microSense.srcs/sources_1/bd/microSense_top_level/ipshared/ef1e/hdl/lib_cdc_v1_0_rfs.vhd:106]
INFO: [Synth 8-638] synthesizing module 'cdc_sync__parameterized0' [c:/Users/Aklas/Desktop/microSense_topLevel/microSense/microSense.srcs/sources_1/bd/microSense_top_level/ipshared/ef1e/hdl/lib_cdc_v1_0_rfs.vhd:106]
INFO: [Synth 8-256] done synthesizing module 'cdc_sync__parameterized0' (5#1) [c:/Users/Aklas/Desktop/microSense_topLevel/microSense/microSense.srcs/sources_1/bd/microSense_top_level/ipshared/ef1e/hdl/lib_cdc_v1_0_rfs.vhd:106]
INFO: [Synth 8-256] done synthesizing module 'GPIO_Core' (6#1) [c:/Users/Aklas/Desktop/microSense_topLevel/microSense/microSense.srcs/sources_1/bd/microSense_top_level/ipshared/e9c1/hdl/axi_gpio_v2_0_vh_rfs.vhd:178]
INFO: [Synth 8-256] done synthesizing module 'axi_gpio' (7#1) [c:/Users/Aklas/Desktop/microSense_topLevel/microSense/microSense.srcs/sources_1/bd/microSense_top_level/ipshared/e9c1/hdl/axi_gpio_v2_0_vh_rfs.vhd:1358]
INFO: [Synth 8-256] done synthesizing module 'microSense_top_level_axi_gpio_2_0' (8#1) [c:/Users/Aklas/Desktop/microSense_topLevel/microSense/microSense.srcs/sources_1/bd/microSense_top_level/ip/microSense_top_level_axi_gpio_2_0/synth/microSense_top_level_axi_gpio_2_0.vhd:85]
Finished RTL Elaboration : Time (s): cpu = 00:00:20 ; elapsed = 00:00:22 . Memory (MB): peak = 398.602 ; gain = 138.367
Finished RTL Optimization Phase 1 : Time (s): cpu = 00:00:20 ; elapsed = 00:00:23 . Memory (MB): peak = 398.602 ; gain = 138.367
INFO: [Device 21-403] Loading part xc7a35tcpg236-1
Constraint Validation Runtime : Time (s): cpu = 00:00:00 ; elapsed = 00:00:00.064 . Memory (MB): peak = 704.633 ; gain = 0.000
Finished Constraint Validation : Time (s): cpu = 00:00:50 ; elapsed = 00:00:58 . Memory (MB): peak = 704.633 ; gain = 444.398
Finished Loading Part and Timing Information : Time (s): cpu = 00:00:50 ; elapsed = 00:00:58 . Memory (MB): peak = 704.633 ; gain = 444.398
Finished applying 'set_property' XDC Constraints : Time (s): cpu = 00:00:50 ; elapsed = 00:00:58 . Memory (MB): peak = 704.633 ; gain = 444.398
Finished RTL Optimization Phase 2 : Time (s): cpu = 00:00:51 ; elapsed = 00:00:59 . Memory (MB): peak = 704.633 ; gain = 444.398
Finished Cross Boundary and Area Optimization : Time (s): cpu = 00:00:53 ; elapsed = 00:01:01 . Memory (MB): peak = 704.633 ; gain = 444.398
Finished Applying XDC Timing Constraints : Time (s): cpu = 00:01:20 ; elapsed = 00:01:30 . Memory (MB): peak = 704.633 ; gain = 444.398
Finished Timing Optimization : Time (s): cpu = 00:01:20 ; elapsed = 00:01:30 . Memory (MB): peak = 704.633 ; gain = 444.398
Finished Technology Mapping : Time (s): cpu = 00:01:20 ; elapsed = 00:01:30 . Memory (MB): peak = 704.633 ; gain = 444.398
Finished IO Insertion : Time (s): cpu = 00:01:22 ; elapsed = 00:01:33 . Memory (MB): peak = 704.633 ; gain = 444.398
Finished Renaming Generated Instances : Time (s): cpu = 00:01:22 ; elapsed = 00:01:33 . Memory (MB): peak = 704.633 ; gain = 444.398
Finished Rebuilding User Hierarchy : Time (s): cpu = 00:01:23 ; elapsed = 00:01:33 . Memory (MB): peak = 704.633 ; gain = 444.398
Finished Renaming Generated Ports : Time (s): cpu = 00:01:23 ; elapsed = 00:01:33 . Memory (MB): peak = 704.633 ; gain = 444.398
Finished Handling Custom Attributes : Time (s): cpu = 00:01:23 ; elapsed = 00:01:33 . Memory (MB): peak = 704.633 ; gain = 444.398
Finished Renaming Generated Nets : Time (s): cpu = 00:01:23 ; elapsed = 00:01:33 . Memory (MB): peak = 704.633 ; gain = 444.398

Report Cell Usage: 
+------+-----+------+
|      |Cell |Count |
+------+-----+------+
|1     |LUT1 |     2|
|2     |LUT2 |    10|
|3     |LUT3 |    28|
|4     |LUT4 |     4|
|5     |LUT5 |    13|
|6     |LUT6 |    25|
|7     |FDRE |   110|
|8     |FDSE |    21|
+------+-----+------+
Finished Writing Synthesis Report : Time (s): cpu = 00:01:23 ; elapsed = 00:01:33 . Memory (MB): peak = 704.633 ; gain = 444.398
synth_design: Time (s): cpu = 00:01:25 ; elapsed = 00:01:36 . Memory (MB): peak = 704.633 ; gain = 456.496
