
*** Running vivado
    with args -log microSense_top_level_clk_wiz_0_0.vds -m64 -product Vivado -mode batch -messageDb vivado.pb -notrace -source microSense_top_level_clk_wiz_0_0.tcl


****** Vivado v2017.3 (64-bit)
  **** SW Build 2018833 on Wed Oct  4 19:58:22 MDT 2017
  **** IP Build 2016188 on Wed Oct  4 21:52:56 MDT 2017
    ** Copyright 1986-2017 Xilinx, Inc. All Rights Reserved.

source microSense_top_level_clk_wiz_0_0.tcl -notrace
Starting RTL Elaboration : Time (s): cpu = 00:00:17 ; elapsed = 00:00:19 . Memory (MB): peak = 351.102 ; gain = 94.898
INFO: [Synth 8-638] synthesizing module 'microSense_top_level_clk_wiz_0_0' [c:/Users/Aklas/Desktop/microSense_topLevel/microSense/microSense.srcs/sources_1/bd/microSense_top_level/ip/microSense_top_level_clk_wiz_0_0/microSense_top_level_clk_wiz_0_0.v:70]
INFO: [Synth 8-638] synthesizing module 'microSense_top_level_clk_wiz_0_0_clk_wiz' [c:/Users/Aklas/Desktop/microSense_topLevel/microSense/microSense.srcs/sources_1/bd/microSense_top_level/ip/microSense_top_level_clk_wiz_0_0/microSense_top_level_clk_wiz_0_0_clk_wiz.v:68]
INFO: [Synth 8-638] synthesizing module 'IBUF' [C:/Xilinx/Vivado/2017.3/scripts/rt/data/unisim_comp.v:19468]
INFO: [Synth 8-256] done synthesizing module 'IBUF' (1#1) [C:/Xilinx/Vivado/2017.3/scripts/rt/data/unisim_comp.v:19468]
INFO: [Synth 8-638] synthesizing module 'MMCME2_ADV' [C:/Xilinx/Vivado/2017.3/scripts/rt/data/unisim_comp.v:25757]
INFO: [Synth 8-256] done synthesizing module 'MMCME2_ADV' (2#1) [C:/Xilinx/Vivado/2017.3/scripts/rt/data/unisim_comp.v:25757]
INFO: [Synth 8-638] synthesizing module 'BUFG' [C:/Xilinx/Vivado/2017.3/scripts/rt/data/unisim_comp.v:607]
INFO: [Synth 8-256] done synthesizing module 'BUFG' (3#1) [C:/Xilinx/Vivado/2017.3/scripts/rt/data/unisim_comp.v:607]
INFO: [Synth 8-256] done synthesizing module 'microSense_top_level_clk_wiz_0_0_clk_wiz' (4#1) [c:/Users/Aklas/Desktop/microSense_topLevel/microSense/microSense.srcs/sources_1/bd/microSense_top_level/ip/microSense_top_level_clk_wiz_0_0/microSense_top_level_clk_wiz_0_0_clk_wiz.v:68]
INFO: [Synth 8-256] done synthesizing module 'microSense_top_level_clk_wiz_0_0' (5#1) [c:/Users/Aklas/Desktop/microSense_topLevel/microSense/microSense.srcs/sources_1/bd/microSense_top_level/ip/microSense_top_level_clk_wiz_0_0/microSense_top_level_clk_wiz_0_0.v:70]
Finished RTL Elaboration : Time (s): cpu = 00:00:19 ; elapsed = 00:00:22 . Memory (MB): peak = 392.180 ; gain = 135.977
Finished RTL Optimization Phase 1 : Time (s): cpu = 00:00:19 ; elapsed = 00:00:22 . Memory (MB): peak = 392.180 ; gain = 135.977
INFO: [Device 21-403] Loading part xc7a35tcpg236-1
Constraint Validation Runtime : Time (s): cpu = 00:00:00 ; elapsed = 00:00:00.025 . Memory (MB): peak = 607.883 ; gain = 0.000
Finished Constraint Validation : Time (s): cpu = 00:00:48 ; elapsed = 00:00:57 . Memory (MB): peak = 607.883 ; gain = 351.680
Finished Loading Part and Timing Information : Time (s): cpu = 00:00:48 ; elapsed = 00:00:57 . Memory (MB): peak = 607.883 ; gain = 351.680
Finished applying 'set_property' XDC Constraints : Time (s): cpu = 00:00:48 ; elapsed = 00:00:57 . Memory (MB): peak = 607.883 ; gain = 351.680
Finished RTL Optimization Phase 2 : Time (s): cpu = 00:00:49 ; elapsed = 00:00:57 . Memory (MB): peak = 607.883 ; gain = 351.680
Finished Cross Boundary and Area Optimization : Time (s): cpu = 00:00:50 ; elapsed = 00:00:58 . Memory (MB): peak = 607.883 ; gain = 351.680
Finished Applying XDC Timing Constraints : Time (s): cpu = 00:01:16 ; elapsed = 00:01:26 . Memory (MB): peak = 636.273 ; gain = 380.070
Finished Timing Optimization : Time (s): cpu = 00:01:16 ; elapsed = 00:01:26 . Memory (MB): peak = 636.273 ; gain = 380.070
Finished Technology Mapping : Time (s): cpu = 00:01:16 ; elapsed = 00:01:26 . Memory (MB): peak = 645.410 ; gain = 389.207
Finished IO Insertion : Time (s): cpu = 00:01:19 ; elapsed = 00:01:28 . Memory (MB): peak = 645.410 ; gain = 389.207
Finished Renaming Generated Instances : Time (s): cpu = 00:01:19 ; elapsed = 00:01:28 . Memory (MB): peak = 645.410 ; gain = 389.207
Finished Rebuilding User Hierarchy : Time (s): cpu = 00:01:19 ; elapsed = 00:01:28 . Memory (MB): peak = 645.410 ; gain = 389.207
Finished Renaming Generated Ports : Time (s): cpu = 00:01:19 ; elapsed = 00:01:28 . Memory (MB): peak = 645.410 ; gain = 389.207
Finished Handling Custom Attributes : Time (s): cpu = 00:01:19 ; elapsed = 00:01:28 . Memory (MB): peak = 645.410 ; gain = 389.207
Finished Renaming Generated Nets : Time (s): cpu = 00:01:19 ; elapsed = 00:01:28 . Memory (MB): peak = 645.410 ; gain = 389.207

Report Cell Usage: 
+------+-----------+------+
|      |Cell       |Count |
+------+-----------+------+
|1     |BUFG       |     2|
|2     |MMCME2_ADV |     1|
|3     |IBUF       |     1|
+------+-----------+------+
Finished Writing Synthesis Report : Time (s): cpu = 00:01:19 ; elapsed = 00:01:28 . Memory (MB): peak = 645.410 ; gain = 389.207
synth_design: Time (s): cpu = 00:01:22 ; elapsed = 00:01:32 . Memory (MB): peak = 659.031 ; gain = 411.215
