12:52:38 INFO  : Registering command handlers for SDK TCF services
12:52:39 INFO  : Launching XSCT server: xsct.bat -interactive C:\Users\Aklas\Desktop\microSense_topLevel\microSense\microSense.sdk\temp_xsdb_launch_script.tcl
12:52:41 INFO  : XSCT server has started successfully.
12:52:41 INFO  : Successfully done setting XSCT server connection channel  
12:52:41 INFO  : Successfully done setting SDK workspace  
12:52:41 INFO  : Processing command line option -hwspec C:/Users/Aklas/Desktop/microSense_topLevel/microSense/microSense.sdk/microSense_top_level_wrapper.hdf.
12:54:29 INFO  : 'targets -set -filter {jtag_cable_name =~ "Digilent Basys3 210183739922A" && level==0} -index 0' command is executed.
12:54:29 INFO  : 'fpga -state' command is executed.
12:54:29 INFO  : Connected to target on host '127.0.0.1' and port '3121'.
12:54:30 INFO  : Jtag cable 'Digilent Basys3 210183739922A' is selected.
12:54:30 INFO  : 'jtag frequency' command is executed.
12:54:30 INFO  : Context for processor 'microblaze_0' is selected.
12:54:31 INFO  : Processor reset is completed for 'microblaze_0'.
12:54:31 INFO  : Context for processor 'microblaze_0' is selected.
12:54:32 INFO  : The application 'C:/Users/Aklas/Desktop/microSense_topLevel/microSense/microSense.sdk/microblaze/Debug/microblaze.elf' is downloaded to processor 'microblaze_0'.
12:54:32 INFO  : ----------------XSDB Script----------------
connect -url tcp:127.0.0.1:3121
targets -set -nocase -filter {name =~ "microblaze*#0" && bscan=="USER2"  && jtag_cable_name =~ "Digilent Basys3 210183739922A"} -index 0
rst -processor
targets -set -nocase -filter {name =~ "microblaze*#0" && bscan=="USER2"  && jtag_cable_name =~ "Digilent Basys3 210183739922A"} -index 0
dow C:/Users/Aklas/Desktop/microSense_topLevel/microSense/microSense.sdk/microblaze/Debug/microblaze.elf
----------------End of Script----------------

12:54:32 INFO  : Memory regions updated for context MicroBlaze #0
12:54:32 INFO  : Memory regions updated for context MicroBlaze #0
12:54:32 INFO  : Context for processor 'microblaze_0' is selected.
12:54:32 INFO  : 'con' command is executed.
12:54:32 INFO  : ----------------XSDB Script (After Launch)----------------
targets -set -nocase -filter {name =~ "microblaze*#0" && bscan=="USER2"  && jtag_cable_name =~ "Digilent Basys3 210183739922A"} -index 0
con
----------------End of Script----------------

12:54:32 INFO  : Launch script is exported to file 'C:\Users\Aklas\Desktop\microSense_topLevel\microSense\microSense.sdk\.sdk\launch_scripts\xilinx_c-c++_application_(system_debugger)\system_debugger_using_debug_microblaze.elf_on_local.tcl'
12:57:57 INFO  : Disconnected from the channel tcfchan#1.
12:57:58 INFO  : 'targets -set -filter {jtag_cable_name =~ "Digilent Basys3 210183739922A" && level==0} -index 0' command is executed.
12:57:58 INFO  : 'fpga -state' command is executed.
12:57:58 INFO  : Connected to target on host '127.0.0.1' and port '3121'.
12:57:59 INFO  : Jtag cable 'Digilent Basys3 210183739922A' is selected.
12:57:59 INFO  : 'jtag frequency' command is executed.
12:57:59 INFO  : Context for processor 'microblaze_0' is selected.
12:57:59 INFO  : Processor reset is completed for 'microblaze_0'.
12:57:59 INFO  : Context for processor 'microblaze_0' is selected.
12:57:59 INFO  : The application 'C:/Users/Aklas/Desktop/microSense_topLevel/microSense/microSense.sdk/microblaze/Debug/microblaze.elf' is downloaded to processor 'microblaze_0'.
12:57:59 INFO  : ----------------XSDB Script----------------
connect -url tcp:127.0.0.1:3121
targets -set -nocase -filter {name =~ "microblaze*#0" && bscan=="USER2"  && jtag_cable_name =~ "Digilent Basys3 210183739922A"} -index 0
rst -processor
targets -set -nocase -filter {name =~ "microblaze*#0" && bscan=="USER2"  && jtag_cable_name =~ "Digilent Basys3 210183739922A"} -index 0
dow C:/Users/Aklas/Desktop/microSense_topLevel/microSense/microSense.sdk/microblaze/Debug/microblaze.elf
----------------End of Script----------------

12:57:59 INFO  : Memory regions updated for context MicroBlaze #0
12:57:59 INFO  : Memory regions updated for context MicroBlaze #0
12:57:59 INFO  : Context for processor 'microblaze_0' is selected.
12:57:59 INFO  : 'con' command is executed.
12:57:59 INFO  : ----------------XSDB Script (After Launch)----------------
targets -set -nocase -filter {name =~ "microblaze*#0" && bscan=="USER2"  && jtag_cable_name =~ "Digilent Basys3 210183739922A"} -index 0
con
----------------End of Script----------------

12:57:59 INFO  : Launch script is exported to file 'C:\Users\Aklas\Desktop\microSense_topLevel\microSense\microSense.sdk\.sdk\launch_scripts\xilinx_c-c++_application_(system_debugger)\system_debugger_using_debug_microblaze.elf_on_local.tcl'
13:19:26 INFO  : Disconnected from the channel tcfchan#2.
13:19:27 INFO  : 'targets -set -filter {jtag_cable_name =~ "Digilent Basys3 210183739922A" && level==0} -index 0' command is executed.
13:19:27 INFO  : 'fpga -state' command is executed.
13:19:27 INFO  : Connected to target on host '127.0.0.1' and port '3121'.
13:19:28 INFO  : Jtag cable 'Digilent Basys3 210183739922A' is selected.
13:19:28 INFO  : 'jtag frequency' command is executed.
13:19:28 INFO  : Context for processor 'microblaze_0' is selected.
13:19:28 INFO  : Processor reset is completed for 'microblaze_0'.
13:19:28 INFO  : Context for processor 'microblaze_0' is selected.
13:19:28 INFO  : The application 'C:/Users/Aklas/Desktop/microSense_topLevel/microSense/microSense.sdk/microblaze/Debug/microblaze.elf' is downloaded to processor 'microblaze_0'.
13:19:28 INFO  : ----------------XSDB Script----------------
connect -url tcp:127.0.0.1:3121
targets -set -nocase -filter {name =~ "microblaze*#0" && bscan=="USER2"  && jtag_cable_name =~ "Digilent Basys3 210183739922A"} -index 0
rst -processor
targets -set -nocase -filter {name =~ "microblaze*#0" && bscan=="USER2"  && jtag_cable_name =~ "Digilent Basys3 210183739922A"} -index 0
dow C:/Users/Aklas/Desktop/microSense_topLevel/microSense/microSense.sdk/microblaze/Debug/microblaze.elf
----------------End of Script----------------

13:19:28 INFO  : Memory regions updated for context MicroBlaze #0
13:19:28 INFO  : Memory regions updated for context MicroBlaze #0
13:19:28 INFO  : Context for processor 'microblaze_0' is selected.
13:19:28 INFO  : 'con' command is executed.
13:19:28 INFO  : ----------------XSDB Script (After Launch)----------------
targets -set -nocase -filter {name =~ "microblaze*#0" && bscan=="USER2"  && jtag_cable_name =~ "Digilent Basys3 210183739922A"} -index 0
con
----------------End of Script----------------

13:19:28 INFO  : Launch script is exported to file 'C:\Users\Aklas\Desktop\microSense_topLevel\microSense\microSense.sdk\.sdk\launch_scripts\xilinx_c-c++_application_(system_debugger)\system_debugger_using_debug_microblaze.elf_on_local.tcl'
13:20:40 INFO  : Disconnected from the channel tcfchan#3.
13:20:42 INFO  : 'targets -set -filter {jtag_cable_name =~ "Digilent Basys3 210183739922A" && level==0} -index 0' command is executed.
13:20:42 INFO  : 'fpga -state' command is executed.
13:20:42 INFO  : Connected to target on host '127.0.0.1' and port '3121'.
13:20:42 INFO  : Jtag cable 'Digilent Basys3 210183739922A' is selected.
13:20:42 INFO  : 'jtag frequency' command is executed.
13:20:42 INFO  : Context for processor 'microblaze_0' is selected.
13:20:42 INFO  : Processor reset is completed for 'microblaze_0'.
13:20:42 INFO  : Context for processor 'microblaze_0' is selected.
13:20:42 INFO  : The application 'C:/Users/Aklas/Desktop/microSense_topLevel/microSense/microSense.sdk/microblaze/Debug/microblaze.elf' is downloaded to processor 'microblaze_0'.
13:20:42 INFO  : ----------------XSDB Script----------------
connect -url tcp:127.0.0.1:3121
targets -set -nocase -filter {name =~ "microblaze*#0" && bscan=="USER2"  && jtag_cable_name =~ "Digilent Basys3 210183739922A"} -index 0
rst -processor
targets -set -nocase -filter {name =~ "microblaze*#0" && bscan=="USER2"  && jtag_cable_name =~ "Digilent Basys3 210183739922A"} -index 0
dow C:/Users/Aklas/Desktop/microSense_topLevel/microSense/microSense.sdk/microblaze/Debug/microblaze.elf
----------------End of Script----------------

13:20:43 INFO  : Memory regions updated for context MicroBlaze #0
13:20:43 INFO  : Memory regions updated for context MicroBlaze #0
13:20:43 INFO  : Context for processor 'microblaze_0' is selected.
13:20:43 INFO  : 'con' command is executed.
13:20:43 INFO  : ----------------XSDB Script (After Launch)----------------
targets -set -nocase -filter {name =~ "microblaze*#0" && bscan=="USER2"  && jtag_cable_name =~ "Digilent Basys3 210183739922A"} -index 0
con
----------------End of Script----------------

13:20:43 INFO  : Launch script is exported to file 'C:\Users\Aklas\Desktop\microSense_topLevel\microSense\microSense.sdk\.sdk\launch_scripts\xilinx_c-c++_application_(system_debugger)\system_debugger_using_debug_microblaze.elf_on_local.tcl'
13:22:02 INFO  : Disconnected from the channel tcfchan#4.
13:22:03 INFO  : 'targets -set -filter {jtag_cable_name =~ "Digilent Basys3 210183739922A" && level==0} -index 0' command is executed.
13:22:03 INFO  : 'fpga -state' command is executed.
13:22:03 INFO  : Connected to target on host '127.0.0.1' and port '3121'.
13:22:03 INFO  : Jtag cable 'Digilent Basys3 210183739922A' is selected.
13:22:03 INFO  : 'jtag frequency' command is executed.
13:22:04 INFO  : Context for processor 'microblaze_0' is selected.
13:22:04 INFO  : Processor reset is completed for 'microblaze_0'.
13:22:04 INFO  : Context for processor 'microblaze_0' is selected.
13:22:04 INFO  : The application 'C:/Users/Aklas/Desktop/microSense_topLevel/microSense/microSense.sdk/microblaze/Debug/microblaze.elf' is downloaded to processor 'microblaze_0'.
13:22:04 INFO  : ----------------XSDB Script----------------
connect -url tcp:127.0.0.1:3121
targets -set -nocase -filter {name =~ "microblaze*#0" && bscan=="USER2"  && jtag_cable_name =~ "Digilent Basys3 210183739922A"} -index 0
rst -processor
targets -set -nocase -filter {name =~ "microblaze*#0" && bscan=="USER2"  && jtag_cable_name =~ "Digilent Basys3 210183739922A"} -index 0
dow C:/Users/Aklas/Desktop/microSense_topLevel/microSense/microSense.sdk/microblaze/Debug/microblaze.elf
----------------End of Script----------------

13:22:04 INFO  : Memory regions updated for context MicroBlaze #0
13:22:04 INFO  : Memory regions updated for context MicroBlaze #0
13:22:04 INFO  : Context for processor 'microblaze_0' is selected.
13:22:04 INFO  : 'con' command is executed.
13:22:04 INFO  : ----------------XSDB Script (After Launch)----------------
targets -set -nocase -filter {name =~ "microblaze*#0" && bscan=="USER2"  && jtag_cable_name =~ "Digilent Basys3 210183739922A"} -index 0
con
----------------End of Script----------------

13:22:04 INFO  : Launch script is exported to file 'C:\Users\Aklas\Desktop\microSense_topLevel\microSense\microSense.sdk\.sdk\launch_scripts\xilinx_c-c++_application_(system_debugger)\system_debugger_using_debug_microblaze.elf_on_local.tcl'
13:24:47 INFO  : Disconnected from the channel tcfchan#5.
13:24:48 INFO  : 'targets -set -filter {jtag_cable_name =~ "Digilent Basys3 210183739922A" && level==0} -index 0' command is executed.
13:24:48 INFO  : 'fpga -state' command is executed.
13:24:48 INFO  : Connected to target on host '127.0.0.1' and port '3121'.
13:24:48 INFO  : Jtag cable 'Digilent Basys3 210183739922A' is selected.
13:24:48 INFO  : 'jtag frequency' command is executed.
13:24:48 INFO  : Context for processor 'microblaze_0' is selected.
13:24:48 INFO  : Processor reset is completed for 'microblaze_0'.
13:24:49 INFO  : Context for processor 'microblaze_0' is selected.
13:24:49 INFO  : The application 'C:/Users/Aklas/Desktop/microSense_topLevel/microSense/microSense.sdk/microblaze/Debug/microblaze.elf' is downloaded to processor 'microblaze_0'.
13:24:49 INFO  : ----------------XSDB Script----------------
connect -url tcp:127.0.0.1:3121
targets -set -nocase -filter {name =~ "microblaze*#0" && bscan=="USER2"  && jtag_cable_name =~ "Digilent Basys3 210183739922A"} -index 0
rst -processor
targets -set -nocase -filter {name =~ "microblaze*#0" && bscan=="USER2"  && jtag_cable_name =~ "Digilent Basys3 210183739922A"} -index 0
dow C:/Users/Aklas/Desktop/microSense_topLevel/microSense/microSense.sdk/microblaze/Debug/microblaze.elf
----------------End of Script----------------

13:24:49 INFO  : Memory regions updated for context MicroBlaze #0
13:24:49 INFO  : Memory regions updated for context MicroBlaze #0
13:24:49 INFO  : Context for processor 'microblaze_0' is selected.
13:24:49 INFO  : 'con' command is executed.
13:24:49 INFO  : ----------------XSDB Script (After Launch)----------------
targets -set -nocase -filter {name =~ "microblaze*#0" && bscan=="USER2"  && jtag_cable_name =~ "Digilent Basys3 210183739922A"} -index 0
con
----------------End of Script----------------

13:24:49 INFO  : Launch script is exported to file 'C:\Users\Aklas\Desktop\microSense_topLevel\microSense\microSense.sdk\.sdk\launch_scripts\xilinx_c-c++_application_(system_debugger)\system_debugger_using_debug_microblaze.elf_on_local.tcl'
13:29:40 INFO  : Disconnected from the channel tcfchan#6.
13:29:41 INFO  : 'targets -set -filter {jtag_cable_name =~ "Digilent Basys3 210183739922A" && level==0} -index 0' command is executed.
13:29:41 INFO  : 'fpga -state' command is executed.
13:29:41 INFO  : Connected to target on host '127.0.0.1' and port '3121'.
13:29:41 INFO  : Jtag cable 'Digilent Basys3 210183739922A' is selected.
13:29:41 INFO  : 'jtag frequency' command is executed.
13:29:41 INFO  : Context for processor 'microblaze_0' is selected.
13:29:41 INFO  : Processor reset is completed for 'microblaze_0'.
13:29:41 INFO  : Context for processor 'microblaze_0' is selected.
13:29:42 INFO  : The application 'C:/Users/Aklas/Desktop/microSense_topLevel/microSense/microSense.sdk/microblaze/Debug/microblaze.elf' is downloaded to processor 'microblaze_0'.
13:29:42 INFO  : ----------------XSDB Script----------------
connect -url tcp:127.0.0.1:3121
targets -set -nocase -filter {name =~ "microblaze*#0" && bscan=="USER2"  && jtag_cable_name =~ "Digilent Basys3 210183739922A"} -index 0
rst -processor
targets -set -nocase -filter {name =~ "microblaze*#0" && bscan=="USER2"  && jtag_cable_name =~ "Digilent Basys3 210183739922A"} -index 0
dow C:/Users/Aklas/Desktop/microSense_topLevel/microSense/microSense.sdk/microblaze/Debug/microblaze.elf
----------------End of Script----------------

13:29:42 INFO  : Memory regions updated for context MicroBlaze #0
13:29:42 INFO  : Memory regions updated for context MicroBlaze #0
13:29:42 INFO  : Context for processor 'microblaze_0' is selected.
13:29:42 INFO  : 'con' command is executed.
13:29:42 INFO  : ----------------XSDB Script (After Launch)----------------
targets -set -nocase -filter {name =~ "microblaze*#0" && bscan=="USER2"  && jtag_cable_name =~ "Digilent Basys3 210183739922A"} -index 0
con
----------------End of Script----------------

13:29:42 INFO  : Launch script is exported to file 'C:\Users\Aklas\Desktop\microSense_topLevel\microSense\microSense.sdk\.sdk\launch_scripts\xilinx_c-c++_application_(system_debugger)\system_debugger_using_debug_microblaze.elf_on_local.tcl'
13:29:57 INFO  : Disconnected from the channel tcfchan#7.
13:29:58 INFO  : 'targets -set -filter {jtag_cable_name =~ "Digilent Basys3 210183739922A" && level==0} -index 0' command is executed.
13:29:58 INFO  : 'fpga -state' command is executed.
13:29:58 INFO  : Connected to target on host '127.0.0.1' and port '3121'.
13:29:59 INFO  : Jtag cable 'Digilent Basys3 210183739922A' is selected.
13:29:59 INFO  : 'jtag frequency' command is executed.
13:29:59 INFO  : Context for processor 'microblaze_0' is selected.
13:29:59 INFO  : Processor reset is completed for 'microblaze_0'.
13:29:59 INFO  : Context for processor 'microblaze_0' is selected.
13:29:59 INFO  : The application 'C:/Users/Aklas/Desktop/microSense_topLevel/microSense/microSense.sdk/microblaze/Debug/microblaze.elf' is downloaded to processor 'microblaze_0'.
13:29:59 INFO  : ----------------XSDB Script----------------
connect -url tcp:127.0.0.1:3121
targets -set -nocase -filter {name =~ "microblaze*#0" && bscan=="USER2"  && jtag_cable_name =~ "Digilent Basys3 210183739922A"} -index 0
rst -processor
targets -set -nocase -filter {name =~ "microblaze*#0" && bscan=="USER2"  && jtag_cable_name =~ "Digilent Basys3 210183739922A"} -index 0
dow C:/Users/Aklas/Desktop/microSense_topLevel/microSense/microSense.sdk/microblaze/Debug/microblaze.elf
----------------End of Script----------------

13:29:59 INFO  : Memory regions updated for context MicroBlaze #0
13:29:59 INFO  : Memory regions updated for context MicroBlaze #0
13:29:59 INFO  : Context for processor 'microblaze_0' is selected.
13:29:59 INFO  : 'con' command is executed.
13:29:59 INFO  : ----------------XSDB Script (After Launch)----------------
targets -set -nocase -filter {name =~ "microblaze*#0" && bscan=="USER2"  && jtag_cable_name =~ "Digilent Basys3 210183739922A"} -index 0
con
----------------End of Script----------------

13:29:59 INFO  : Launch script is exported to file 'C:\Users\Aklas\Desktop\microSense_topLevel\microSense\microSense.sdk\.sdk\launch_scripts\xilinx_c-c++_application_(system_debugger)\system_debugger_using_debug_microblaze.elf_on_local.tcl'
13:30:32 INFO  : Disconnected from the channel tcfchan#8.
13:30:34 INFO  : 'targets -set -filter {jtag_cable_name =~ "Digilent Basys3 210183739922A" && level==0} -index 0' command is executed.
13:30:34 INFO  : 'fpga -state' command is executed.
13:30:34 INFO  : Connected to target on host '127.0.0.1' and port '3121'.
13:30:34 INFO  : Jtag cable 'Digilent Basys3 210183739922A' is selected.
13:30:34 INFO  : 'jtag frequency' command is executed.
13:30:34 INFO  : Context for processor 'microblaze_0' is selected.
13:30:34 INFO  : Processor reset is completed for 'microblaze_0'.
13:30:34 INFO  : Context for processor 'microblaze_0' is selected.
13:30:34 INFO  : The application 'C:/Users/Aklas/Desktop/microSense_topLevel/microSense/microSense.sdk/microblaze/Debug/microblaze.elf' is downloaded to processor 'microblaze_0'.
13:30:34 INFO  : ----------------XSDB Script----------------
connect -url tcp:127.0.0.1:3121
targets -set -nocase -filter {name =~ "microblaze*#0" && bscan=="USER2"  && jtag_cable_name =~ "Digilent Basys3 210183739922A"} -index 0
rst -processor
targets -set -nocase -filter {name =~ "microblaze*#0" && bscan=="USER2"  && jtag_cable_name =~ "Digilent Basys3 210183739922A"} -index 0
dow C:/Users/Aklas/Desktop/microSense_topLevel/microSense/microSense.sdk/microblaze/Debug/microblaze.elf
----------------End of Script----------------

13:30:34 INFO  : Memory regions updated for context MicroBlaze #0
13:30:34 INFO  : Memory regions updated for context MicroBlaze #0
13:30:34 INFO  : Context for processor 'microblaze_0' is selected.
13:30:34 INFO  : 'con' command is executed.
13:30:34 INFO  : ----------------XSDB Script (After Launch)----------------
targets -set -nocase -filter {name =~ "microblaze*#0" && bscan=="USER2"  && jtag_cable_name =~ "Digilent Basys3 210183739922A"} -index 0
con
----------------End of Script----------------

13:30:34 INFO  : Launch script is exported to file 'C:\Users\Aklas\Desktop\microSense_topLevel\microSense\microSense.sdk\.sdk\launch_scripts\xilinx_c-c++_application_(system_debugger)\system_debugger_using_debug_microblaze.elf_on_local.tcl'
13:32:33 INFO  : Disconnected from the channel tcfchan#9.
13:32:34 INFO  : 'targets -set -filter {jtag_cable_name =~ "Digilent Basys3 210183739922A" && level==0} -index 0' command is executed.
13:32:35 INFO  : 'fpga -state' command is executed.
13:32:35 INFO  : Connected to target on host '127.0.0.1' and port '3121'.
13:32:35 INFO  : Jtag cable 'Digilent Basys3 210183739922A' is selected.
13:32:35 INFO  : 'jtag frequency' command is executed.
13:32:35 INFO  : Context for processor 'microblaze_0' is selected.
13:32:35 INFO  : Processor reset is completed for 'microblaze_0'.
13:32:35 INFO  : Context for processor 'microblaze_0' is selected.
13:32:35 INFO  : The application 'C:/Users/Aklas/Desktop/microSense_topLevel/microSense/microSense.sdk/microblaze/Debug/microblaze.elf' is downloaded to processor 'microblaze_0'.
13:32:35 INFO  : ----------------XSDB Script----------------
connect -url tcp:127.0.0.1:3121
targets -set -nocase -filter {name =~ "microblaze*#0" && bscan=="USER2"  && jtag_cable_name =~ "Digilent Basys3 210183739922A"} -index 0
rst -processor
targets -set -nocase -filter {name =~ "microblaze*#0" && bscan=="USER2"  && jtag_cable_name =~ "Digilent Basys3 210183739922A"} -index 0
dow C:/Users/Aklas/Desktop/microSense_topLevel/microSense/microSense.sdk/microblaze/Debug/microblaze.elf
----------------End of Script----------------

13:32:35 INFO  : Memory regions updated for context MicroBlaze #0
13:32:35 INFO  : Memory regions updated for context MicroBlaze #0
13:32:35 INFO  : Context for processor 'microblaze_0' is selected.
13:32:35 INFO  : 'con' command is executed.
13:32:35 INFO  : ----------------XSDB Script (After Launch)----------------
targets -set -nocase -filter {name =~ "microblaze*#0" && bscan=="USER2"  && jtag_cable_name =~ "Digilent Basys3 210183739922A"} -index 0
con
----------------End of Script----------------

13:32:35 INFO  : Launch script is exported to file 'C:\Users\Aklas\Desktop\microSense_topLevel\microSense\microSense.sdk\.sdk\launch_scripts\xilinx_c-c++_application_(system_debugger)\system_debugger_using_debug_microblaze.elf_on_local.tcl'
13:34:51 INFO  : Disconnected from the channel tcfchan#10.
13:34:52 INFO  : 'targets -set -filter {jtag_cable_name =~ "Digilent Basys3 210183739922A" && level==0} -index 0' command is executed.
13:34:52 INFO  : 'fpga -state' command is executed.
13:34:52 INFO  : Connected to target on host '127.0.0.1' and port '3121'.
13:34:52 INFO  : Jtag cable 'Digilent Basys3 210183739922A' is selected.
13:34:52 INFO  : 'jtag frequency' command is executed.
13:34:52 INFO  : Context for processor 'microblaze_0' is selected.
13:34:53 INFO  : Processor reset is completed for 'microblaze_0'.
13:34:53 INFO  : Context for processor 'microblaze_0' is selected.
13:34:53 INFO  : The application 'C:/Users/Aklas/Desktop/microSense_topLevel/microSense/microSense.sdk/microblaze/Debug/microblaze.elf' is downloaded to processor 'microblaze_0'.
13:34:53 INFO  : ----------------XSDB Script----------------
connect -url tcp:127.0.0.1:3121
targets -set -nocase -filter {name =~ "microblaze*#0" && bscan=="USER2"  && jtag_cable_name =~ "Digilent Basys3 210183739922A"} -index 0
rst -processor
targets -set -nocase -filter {name =~ "microblaze*#0" && bscan=="USER2"  && jtag_cable_name =~ "Digilent Basys3 210183739922A"} -index 0
dow C:/Users/Aklas/Desktop/microSense_topLevel/microSense/microSense.sdk/microblaze/Debug/microblaze.elf
----------------End of Script----------------

13:34:53 INFO  : Memory regions updated for context MicroBlaze #0
13:34:53 INFO  : Memory regions updated for context MicroBlaze #0
13:34:53 INFO  : Context for processor 'microblaze_0' is selected.
13:34:53 INFO  : 'con' command is executed.
13:34:53 INFO  : ----------------XSDB Script (After Launch)----------------
targets -set -nocase -filter {name =~ "microblaze*#0" && bscan=="USER2"  && jtag_cable_name =~ "Digilent Basys3 210183739922A"} -index 0
con
----------------End of Script----------------

13:34:53 INFO  : Launch script is exported to file 'C:\Users\Aklas\Desktop\microSense_topLevel\microSense\microSense.sdk\.sdk\launch_scripts\xilinx_c-c++_application_(system_debugger)\system_debugger_using_debug_microblaze.elf_on_local.tcl'
13:39:17 INFO  : Disconnected from the channel tcfchan#11.
13:39:18 INFO  : 'targets -set -filter {jtag_cable_name =~ "Digilent Basys3 210183739922A" && level==0} -index 0' command is executed.
13:39:18 INFO  : 'fpga -state' command is executed.
13:39:18 INFO  : Connected to target on host '127.0.0.1' and port '3121'.
13:39:18 INFO  : Jtag cable 'Digilent Basys3 210183739922A' is selected.
13:39:18 INFO  : 'jtag frequency' command is executed.
13:39:18 INFO  : Context for processor 'microblaze_0' is selected.
13:39:18 INFO  : Processor reset is completed for 'microblaze_0'.
13:39:18 INFO  : Context for processor 'microblaze_0' is selected.
13:39:18 INFO  : The application 'C:/Users/Aklas/Desktop/microSense_topLevel/microSense/microSense.sdk/microblaze/Debug/microblaze.elf' is downloaded to processor 'microblaze_0'.
13:39:18 INFO  : ----------------XSDB Script----------------
connect -url tcp:127.0.0.1:3121
targets -set -nocase -filter {name =~ "microblaze*#0" && bscan=="USER2"  && jtag_cable_name =~ "Digilent Basys3 210183739922A"} -index 0
rst -processor
targets -set -nocase -filter {name =~ "microblaze*#0" && bscan=="USER2"  && jtag_cable_name =~ "Digilent Basys3 210183739922A"} -index 0
dow C:/Users/Aklas/Desktop/microSense_topLevel/microSense/microSense.sdk/microblaze/Debug/microblaze.elf
----------------End of Script----------------

13:39:18 INFO  : Memory regions updated for context MicroBlaze #0
13:39:18 INFO  : Memory regions updated for context MicroBlaze #0
13:39:18 INFO  : Context for processor 'microblaze_0' is selected.
13:39:18 INFO  : 'con' command is executed.
13:39:18 INFO  : ----------------XSDB Script (After Launch)----------------
targets -set -nocase -filter {name =~ "microblaze*#0" && bscan=="USER2"  && jtag_cable_name =~ "Digilent Basys3 210183739922A"} -index 0
con
----------------End of Script----------------

13:39:18 INFO  : Launch script is exported to file 'C:\Users\Aklas\Desktop\microSense_topLevel\microSense\microSense.sdk\.sdk\launch_scripts\xilinx_c-c++_application_(system_debugger)\system_debugger_using_debug_microblaze.elf_on_local.tcl'
13:39:54 INFO  : Disconnected from the channel tcfchan#12.
13:39:55 INFO  : 'targets -set -filter {jtag_cable_name =~ "Digilent Basys3 210183739922A" && level==0} -index 0' command is executed.
13:39:55 INFO  : 'fpga -state' command is executed.
13:39:55 INFO  : Connected to target on host '127.0.0.1' and port '3121'.
13:39:55 INFO  : Jtag cable 'Digilent Basys3 210183739922A' is selected.
13:39:55 INFO  : 'jtag frequency' command is executed.
13:39:55 INFO  : Context for processor 'microblaze_0' is selected.
13:39:55 INFO  : Processor reset is completed for 'microblaze_0'.
13:39:55 INFO  : Context for processor 'microblaze_0' is selected.
13:39:56 INFO  : The application 'C:/Users/Aklas/Desktop/microSense_topLevel/microSense/microSense.sdk/microblaze/Debug/microblaze.elf' is downloaded to processor 'microblaze_0'.
13:39:56 INFO  : ----------------XSDB Script----------------
connect -url tcp:127.0.0.1:3121
targets -set -nocase -filter {name =~ "microblaze*#0" && bscan=="USER2"  && jtag_cable_name =~ "Digilent Basys3 210183739922A"} -index 0
rst -processor
targets -set -nocase -filter {name =~ "microblaze*#0" && bscan=="USER2"  && jtag_cable_name =~ "Digilent Basys3 210183739922A"} -index 0
dow C:/Users/Aklas/Desktop/microSense_topLevel/microSense/microSense.sdk/microblaze/Debug/microblaze.elf
----------------End of Script----------------

13:39:56 INFO  : Memory regions updated for context MicroBlaze #0
13:39:56 INFO  : Memory regions updated for context MicroBlaze #0
13:39:56 INFO  : Context for processor 'microblaze_0' is selected.
13:39:56 INFO  : 'con' command is executed.
13:39:56 INFO  : ----------------XSDB Script (After Launch)----------------
targets -set -nocase -filter {name =~ "microblaze*#0" && bscan=="USER2"  && jtag_cable_name =~ "Digilent Basys3 210183739922A"} -index 0
con
----------------End of Script----------------

13:39:56 INFO  : Launch script is exported to file 'C:\Users\Aklas\Desktop\microSense_topLevel\microSense\microSense.sdk\.sdk\launch_scripts\xilinx_c-c++_application_(system_debugger)\system_debugger_using_debug_microblaze.elf_on_local.tcl'
13:52:12 INFO  : Disconnected from the channel tcfchan#13.
13:52:13 INFO  : 'targets -set -filter {jtag_cable_name =~ "Digilent Basys3 210183739922A" && level==0} -index 0' command is executed.
13:52:13 INFO  : 'fpga -state' command is executed.
13:52:13 INFO  : Connected to target on host '127.0.0.1' and port '3121'.
13:52:13 INFO  : Jtag cable 'Digilent Basys3 210183739922A' is selected.
13:52:13 INFO  : 'jtag frequency' command is executed.
13:52:13 INFO  : Context for processor 'microblaze_0' is selected.
13:52:14 INFO  : Processor reset is completed for 'microblaze_0'.
13:52:14 INFO  : Context for processor 'microblaze_0' is selected.
13:52:14 INFO  : The application 'C:/Users/Aklas/Desktop/microSense_topLevel/microSense/microSense.sdk/microblaze/Debug/microblaze.elf' is downloaded to processor 'microblaze_0'.
13:52:14 INFO  : ----------------XSDB Script----------------
connect -url tcp:127.0.0.1:3121
targets -set -nocase -filter {name =~ "microblaze*#0" && bscan=="USER2"  && jtag_cable_name =~ "Digilent Basys3 210183739922A"} -index 0
rst -processor
targets -set -nocase -filter {name =~ "microblaze*#0" && bscan=="USER2"  && jtag_cable_name =~ "Digilent Basys3 210183739922A"} -index 0
dow C:/Users/Aklas/Desktop/microSense_topLevel/microSense/microSense.sdk/microblaze/Debug/microblaze.elf
----------------End of Script----------------

13:52:14 INFO  : Memory regions updated for context MicroBlaze #0
13:52:14 INFO  : Memory regions updated for context MicroBlaze #0
13:52:14 INFO  : Context for processor 'microblaze_0' is selected.
13:52:14 INFO  : 'con' command is executed.
13:52:14 INFO  : ----------------XSDB Script (After Launch)----------------
targets -set -nocase -filter {name =~ "microblaze*#0" && bscan=="USER2"  && jtag_cable_name =~ "Digilent Basys3 210183739922A"} -index 0
con
----------------End of Script----------------

13:52:14 INFO  : Launch script is exported to file 'C:\Users\Aklas\Desktop\microSense_topLevel\microSense\microSense.sdk\.sdk\launch_scripts\xilinx_c-c++_application_(system_debugger)\system_debugger_using_debug_microblaze.elf_on_local.tcl'
14:11:08 INFO  : Disconnected from the channel tcfchan#14.
14:11:09 INFO  : 'targets -set -filter {jtag_cable_name =~ "Digilent Basys3 210183739922A" && level==0} -index 0' command is executed.
14:11:09 INFO  : 'fpga -state' command is executed.
14:11:09 INFO  : Connected to target on host '127.0.0.1' and port '3121'.
14:11:09 INFO  : Jtag cable 'Digilent Basys3 210183739922A' is selected.
14:11:09 INFO  : 'jtag frequency' command is executed.
14:11:09 INFO  : Context for processor 'microblaze_0' is selected.
14:11:09 INFO  : Processor reset is completed for 'microblaze_0'.
14:11:09 INFO  : Context for processor 'microblaze_0' is selected.
14:11:10 INFO  : The application 'C:/Users/Aklas/Desktop/microSense_topLevel/microSense/microSense.sdk/microblaze/Debug/microblaze.elf' is downloaded to processor 'microblaze_0'.
14:11:10 INFO  : ----------------XSDB Script----------------
connect -url tcp:127.0.0.1:3121
targets -set -nocase -filter {name =~ "microblaze*#0" && bscan=="USER2"  && jtag_cable_name =~ "Digilent Basys3 210183739922A"} -index 0
rst -processor
targets -set -nocase -filter {name =~ "microblaze*#0" && bscan=="USER2"  && jtag_cable_name =~ "Digilent Basys3 210183739922A"} -index 0
dow C:/Users/Aklas/Desktop/microSense_topLevel/microSense/microSense.sdk/microblaze/Debug/microblaze.elf
----------------End of Script----------------

14:11:10 INFO  : Memory regions updated for context MicroBlaze #0
14:11:10 INFO  : Memory regions updated for context MicroBlaze #0
14:11:10 INFO  : Context for processor 'microblaze_0' is selected.
14:11:10 INFO  : 'con' command is executed.
14:11:10 INFO  : ----------------XSDB Script (After Launch)----------------
targets -set -nocase -filter {name =~ "microblaze*#0" && bscan=="USER2"  && jtag_cable_name =~ "Digilent Basys3 210183739922A"} -index 0
con
----------------End of Script----------------

14:11:10 INFO  : Launch script is exported to file 'C:\Users\Aklas\Desktop\microSense_topLevel\microSense\microSense.sdk\.sdk\launch_scripts\xilinx_c-c++_application_(system_debugger)\system_debugger_using_debug_microblaze.elf_on_local.tcl'
14:12:36 INFO  : Disconnected from the channel tcfchan#15.
14:12:37 INFO  : 'targets -set -filter {jtag_cable_name =~ "Digilent Basys3 210183739922A" && level==0} -index 0' command is executed.
14:12:37 INFO  : 'fpga -state' command is executed.
14:12:37 INFO  : Connected to target on host '127.0.0.1' and port '3121'.
14:12:38 INFO  : Jtag cable 'Digilent Basys3 210183739922A' is selected.
14:12:38 INFO  : 'jtag frequency' command is executed.
14:12:38 INFO  : Context for processor 'microblaze_0' is selected.
14:12:38 INFO  : Processor reset is completed for 'microblaze_0'.
14:12:38 INFO  : Context for processor 'microblaze_0' is selected.
14:12:38 INFO  : The application 'C:/Users/Aklas/Desktop/microSense_topLevel/microSense/microSense.sdk/microblaze/Debug/microblaze.elf' is downloaded to processor 'microblaze_0'.
14:12:38 INFO  : ----------------XSDB Script----------------
connect -url tcp:127.0.0.1:3121
targets -set -nocase -filter {name =~ "microblaze*#0" && bscan=="USER2"  && jtag_cable_name =~ "Digilent Basys3 210183739922A"} -index 0
rst -processor
targets -set -nocase -filter {name =~ "microblaze*#0" && bscan=="USER2"  && jtag_cable_name =~ "Digilent Basys3 210183739922A"} -index 0
dow C:/Users/Aklas/Desktop/microSense_topLevel/microSense/microSense.sdk/microblaze/Debug/microblaze.elf
----------------End of Script----------------

14:12:38 INFO  : Memory regions updated for context MicroBlaze #0
14:12:38 INFO  : Memory regions updated for context MicroBlaze #0
14:12:38 INFO  : Context for processor 'microblaze_0' is selected.
14:12:38 INFO  : 'con' command is executed.
14:12:38 INFO  : ----------------XSDB Script (After Launch)----------------
targets -set -nocase -filter {name =~ "microblaze*#0" && bscan=="USER2"  && jtag_cable_name =~ "Digilent Basys3 210183739922A"} -index 0
con
----------------End of Script----------------

14:12:38 INFO  : Launch script is exported to file 'C:\Users\Aklas\Desktop\microSense_topLevel\microSense\microSense.sdk\.sdk\launch_scripts\xilinx_c-c++_application_(system_debugger)\system_debugger_using_debug_microblaze.elf_on_local.tcl'
14:13:34 INFO  : Disconnected from the channel tcfchan#16.
14:13:36 INFO  : 'targets -set -filter {jtag_cable_name =~ "Digilent Basys3 210183739922A" && level==0} -index 0' command is executed.
14:13:36 INFO  : 'fpga -state' command is executed.
14:13:36 INFO  : Connected to target on host '127.0.0.1' and port '3121'.
14:13:36 INFO  : Jtag cable 'Digilent Basys3 210183739922A' is selected.
14:13:36 INFO  : 'jtag frequency' command is executed.
14:13:36 INFO  : Context for processor 'microblaze_0' is selected.
14:13:36 INFO  : Processor reset is completed for 'microblaze_0'.
14:13:36 INFO  : Context for processor 'microblaze_0' is selected.
14:13:36 INFO  : The application 'C:/Users/Aklas/Desktop/microSense_topLevel/microSense/microSense.sdk/microblaze/Debug/microblaze.elf' is downloaded to processor 'microblaze_0'.
14:13:36 INFO  : ----------------XSDB Script----------------
connect -url tcp:127.0.0.1:3121
targets -set -nocase -filter {name =~ "microblaze*#0" && bscan=="USER2"  && jtag_cable_name =~ "Digilent Basys3 210183739922A"} -index 0
rst -processor
targets -set -nocase -filter {name =~ "microblaze*#0" && bscan=="USER2"  && jtag_cable_name =~ "Digilent Basys3 210183739922A"} -index 0
dow C:/Users/Aklas/Desktop/microSense_topLevel/microSense/microSense.sdk/microblaze/Debug/microblaze.elf
----------------End of Script----------------

14:13:36 INFO  : Memory regions updated for context MicroBlaze #0
14:13:36 INFO  : Memory regions updated for context MicroBlaze #0
14:13:36 INFO  : Context for processor 'microblaze_0' is selected.
14:13:36 INFO  : 'con' command is executed.
14:13:36 INFO  : ----------------XSDB Script (After Launch)----------------
targets -set -nocase -filter {name =~ "microblaze*#0" && bscan=="USER2"  && jtag_cable_name =~ "Digilent Basys3 210183739922A"} -index 0
con
----------------End of Script----------------

14:13:36 INFO  : Launch script is exported to file 'C:\Users\Aklas\Desktop\microSense_topLevel\microSense\microSense.sdk\.sdk\launch_scripts\xilinx_c-c++_application_(system_debugger)\system_debugger_using_debug_microblaze.elf_on_local.tcl'
14:14:09 INFO  : Disconnected from the channel tcfchan#17.
14:14:10 INFO  : 'targets -set -filter {jtag_cable_name =~ "Digilent Basys3 210183739922A" && level==0} -index 0' command is executed.
14:14:11 INFO  : 'fpga -state' command is executed.
14:14:11 INFO  : Connected to target on host '127.0.0.1' and port '3121'.
14:14:11 INFO  : Jtag cable 'Digilent Basys3 210183739922A' is selected.
14:14:11 INFO  : 'jtag frequency' command is executed.
14:14:11 INFO  : Context for processor 'microblaze_0' is selected.
14:14:11 INFO  : Processor reset is completed for 'microblaze_0'.
14:14:11 INFO  : Context for processor 'microblaze_0' is selected.
14:14:11 INFO  : The application 'C:/Users/Aklas/Desktop/microSense_topLevel/microSense/microSense.sdk/microblaze/Debug/microblaze.elf' is downloaded to processor 'microblaze_0'.
14:14:11 INFO  : ----------------XSDB Script----------------
connect -url tcp:127.0.0.1:3121
targets -set -nocase -filter {name =~ "microblaze*#0" && bscan=="USER2"  && jtag_cable_name =~ "Digilent Basys3 210183739922A"} -index 0
rst -processor
targets -set -nocase -filter {name =~ "microblaze*#0" && bscan=="USER2"  && jtag_cable_name =~ "Digilent Basys3 210183739922A"} -index 0
dow C:/Users/Aklas/Desktop/microSense_topLevel/microSense/microSense.sdk/microblaze/Debug/microblaze.elf
----------------End of Script----------------

14:14:11 INFO  : Memory regions updated for context MicroBlaze #0
14:14:11 INFO  : Memory regions updated for context MicroBlaze #0
14:14:11 INFO  : Context for processor 'microblaze_0' is selected.
14:14:11 INFO  : 'con' command is executed.
14:14:11 INFO  : ----------------XSDB Script (After Launch)----------------
targets -set -nocase -filter {name =~ "microblaze*#0" && bscan=="USER2"  && jtag_cable_name =~ "Digilent Basys3 210183739922A"} -index 0
con
----------------End of Script----------------

14:14:11 INFO  : Launch script is exported to file 'C:\Users\Aklas\Desktop\microSense_topLevel\microSense\microSense.sdk\.sdk\launch_scripts\xilinx_c-c++_application_(system_debugger)\system_debugger_using_debug_microblaze.elf_on_local.tcl'
14:14:58 INFO  : Disconnected from the channel tcfchan#18.
14:14:59 INFO  : 'targets -set -filter {jtag_cable_name =~ "Digilent Basys3 210183739922A" && level==0} -index 0' command is executed.
14:14:59 INFO  : 'fpga -state' command is executed.
14:14:59 INFO  : Connected to target on host '127.0.0.1' and port '3121'.
14:14:59 INFO  : Jtag cable 'Digilent Basys3 210183739922A' is selected.
14:14:59 INFO  : 'jtag frequency' command is executed.
14:14:59 INFO  : Context for processor 'microblaze_0' is selected.
14:14:59 INFO  : Processor reset is completed for 'microblaze_0'.
14:14:59 INFO  : Context for processor 'microblaze_0' is selected.
14:15:00 INFO  : The application 'C:/Users/Aklas/Desktop/microSense_topLevel/microSense/microSense.sdk/microblaze/Debug/microblaze.elf' is downloaded to processor 'microblaze_0'.
14:15:00 INFO  : ----------------XSDB Script----------------
connect -url tcp:127.0.0.1:3121
targets -set -nocase -filter {name =~ "microblaze*#0" && bscan=="USER2"  && jtag_cable_name =~ "Digilent Basys3 210183739922A"} -index 0
rst -processor
targets -set -nocase -filter {name =~ "microblaze*#0" && bscan=="USER2"  && jtag_cable_name =~ "Digilent Basys3 210183739922A"} -index 0
dow C:/Users/Aklas/Desktop/microSense_topLevel/microSense/microSense.sdk/microblaze/Debug/microblaze.elf
----------------End of Script----------------

14:15:00 INFO  : Memory regions updated for context MicroBlaze #0
14:15:00 INFO  : Memory regions updated for context MicroBlaze #0
14:15:00 INFO  : Context for processor 'microblaze_0' is selected.
14:15:00 INFO  : 'con' command is executed.
14:15:00 INFO  : ----------------XSDB Script (After Launch)----------------
targets -set -nocase -filter {name =~ "microblaze*#0" && bscan=="USER2"  && jtag_cable_name =~ "Digilent Basys3 210183739922A"} -index 0
con
----------------End of Script----------------

14:15:00 INFO  : Launch script is exported to file 'C:\Users\Aklas\Desktop\microSense_topLevel\microSense\microSense.sdk\.sdk\launch_scripts\xilinx_c-c++_application_(system_debugger)\system_debugger_using_debug_microblaze.elf_on_local.tcl'
14:16:01 INFO  : Disconnected from the channel tcfchan#19.
14:16:02 INFO  : 'targets -set -filter {jtag_cable_name =~ "Digilent Basys3 210183739922A" && level==0} -index 0' command is executed.
14:16:02 INFO  : 'fpga -state' command is executed.
14:16:02 INFO  : Connected to target on host '127.0.0.1' and port '3121'.
14:16:03 INFO  : Jtag cable 'Digilent Basys3 210183739922A' is selected.
14:16:03 INFO  : 'jtag frequency' command is executed.
14:16:03 INFO  : Context for processor 'microblaze_0' is selected.
14:16:03 INFO  : Processor reset is completed for 'microblaze_0'.
14:16:03 INFO  : Context for processor 'microblaze_0' is selected.
14:16:03 INFO  : The application 'C:/Users/Aklas/Desktop/microSense_topLevel/microSense/microSense.sdk/microblaze/Debug/microblaze.elf' is downloaded to processor 'microblaze_0'.
14:16:03 INFO  : ----------------XSDB Script----------------
connect -url tcp:127.0.0.1:3121
targets -set -nocase -filter {name =~ "microblaze*#0" && bscan=="USER2"  && jtag_cable_name =~ "Digilent Basys3 210183739922A"} -index 0
rst -processor
targets -set -nocase -filter {name =~ "microblaze*#0" && bscan=="USER2"  && jtag_cable_name =~ "Digilent Basys3 210183739922A"} -index 0
dow C:/Users/Aklas/Desktop/microSense_topLevel/microSense/microSense.sdk/microblaze/Debug/microblaze.elf
----------------End of Script----------------

14:16:03 INFO  : Memory regions updated for context MicroBlaze #0
14:16:03 INFO  : Memory regions updated for context MicroBlaze #0
14:16:03 INFO  : Context for processor 'microblaze_0' is selected.
14:16:03 INFO  : 'con' command is executed.
14:16:03 INFO  : ----------------XSDB Script (After Launch)----------------
targets -set -nocase -filter {name =~ "microblaze*#0" && bscan=="USER2"  && jtag_cable_name =~ "Digilent Basys3 210183739922A"} -index 0
con
----------------End of Script----------------

14:16:03 INFO  : Launch script is exported to file 'C:\Users\Aklas\Desktop\microSense_topLevel\microSense\microSense.sdk\.sdk\launch_scripts\xilinx_c-c++_application_(system_debugger)\system_debugger_using_debug_microblaze.elf_on_local.tcl'
14:16:32 INFO  : Disconnected from the channel tcfchan#20.
14:16:33 INFO  : 'targets -set -filter {jtag_cable_name =~ "Digilent Basys3 210183739922A" && level==0} -index 0' command is executed.
14:16:33 INFO  : 'fpga -state' command is executed.
14:16:33 INFO  : Connected to target on host '127.0.0.1' and port '3121'.
14:16:33 INFO  : Jtag cable 'Digilent Basys3 210183739922A' is selected.
14:16:33 INFO  : 'jtag frequency' command is executed.
14:16:34 INFO  : Context for processor 'microblaze_0' is selected.
14:16:34 INFO  : Processor reset is completed for 'microblaze_0'.
14:16:34 INFO  : Context for processor 'microblaze_0' is selected.
14:16:34 INFO  : The application 'C:/Users/Aklas/Desktop/microSense_topLevel/microSense/microSense.sdk/microblaze/Debug/microblaze.elf' is downloaded to processor 'microblaze_0'.
14:16:34 INFO  : ----------------XSDB Script----------------
connect -url tcp:127.0.0.1:3121
targets -set -nocase -filter {name =~ "microblaze*#0" && bscan=="USER2"  && jtag_cable_name =~ "Digilent Basys3 210183739922A"} -index 0
rst -processor
targets -set -nocase -filter {name =~ "microblaze*#0" && bscan=="USER2"  && jtag_cable_name =~ "Digilent Basys3 210183739922A"} -index 0
dow C:/Users/Aklas/Desktop/microSense_topLevel/microSense/microSense.sdk/microblaze/Debug/microblaze.elf
----------------End of Script----------------

14:16:34 INFO  : Memory regions updated for context MicroBlaze #0
14:16:34 INFO  : Memory regions updated for context MicroBlaze #0
14:16:34 INFO  : Context for processor 'microblaze_0' is selected.
14:16:34 INFO  : 'con' command is executed.
14:16:34 INFO  : ----------------XSDB Script (After Launch)----------------
targets -set -nocase -filter {name =~ "microblaze*#0" && bscan=="USER2"  && jtag_cable_name =~ "Digilent Basys3 210183739922A"} -index 0
con
----------------End of Script----------------

14:16:34 INFO  : Launch script is exported to file 'C:\Users\Aklas\Desktop\microSense_topLevel\microSense\microSense.sdk\.sdk\launch_scripts\xilinx_c-c++_application_(system_debugger)\system_debugger_using_debug_microblaze.elf_on_local.tcl'
14:17:23 INFO  : Disconnected from the channel tcfchan#21.
14:17:24 INFO  : 'targets -set -filter {jtag_cable_name =~ "Digilent Basys3 210183739922A" && level==0} -index 0' command is executed.
14:17:24 INFO  : 'fpga -state' command is executed.
14:17:24 INFO  : Connected to target on host '127.0.0.1' and port '3121'.
14:17:25 INFO  : Jtag cable 'Digilent Basys3 210183739922A' is selected.
14:17:25 INFO  : 'jtag frequency' command is executed.
14:17:25 INFO  : Context for processor 'microblaze_0' is selected.
14:17:25 INFO  : Processor reset is completed for 'microblaze_0'.
14:17:25 INFO  : Context for processor 'microblaze_0' is selected.
14:17:25 INFO  : The application 'C:/Users/Aklas/Desktop/microSense_topLevel/microSense/microSense.sdk/microblaze/Debug/microblaze.elf' is downloaded to processor 'microblaze_0'.
14:17:25 INFO  : ----------------XSDB Script----------------
connect -url tcp:127.0.0.1:3121
targets -set -nocase -filter {name =~ "microblaze*#0" && bscan=="USER2"  && jtag_cable_name =~ "Digilent Basys3 210183739922A"} -index 0
rst -processor
targets -set -nocase -filter {name =~ "microblaze*#0" && bscan=="USER2"  && jtag_cable_name =~ "Digilent Basys3 210183739922A"} -index 0
dow C:/Users/Aklas/Desktop/microSense_topLevel/microSense/microSense.sdk/microblaze/Debug/microblaze.elf
----------------End of Script----------------

14:17:25 INFO  : Memory regions updated for context MicroBlaze #0
14:17:25 INFO  : Memory regions updated for context MicroBlaze #0
14:17:25 INFO  : Context for processor 'microblaze_0' is selected.
14:17:25 INFO  : 'con' command is executed.
14:17:25 INFO  : ----------------XSDB Script (After Launch)----------------
targets -set -nocase -filter {name =~ "microblaze*#0" && bscan=="USER2"  && jtag_cable_name =~ "Digilent Basys3 210183739922A"} -index 0
con
----------------End of Script----------------

14:17:25 INFO  : Launch script is exported to file 'C:\Users\Aklas\Desktop\microSense_topLevel\microSense\microSense.sdk\.sdk\launch_scripts\xilinx_c-c++_application_(system_debugger)\system_debugger_using_debug_microblaze.elf_on_local.tcl'
14:17:59 INFO  : Disconnected from the channel tcfchan#22.
14:18:01 INFO  : 'targets -set -filter {jtag_cable_name =~ "Digilent Basys3 210183739922A" && level==0} -index 0' command is executed.
14:18:01 INFO  : 'fpga -state' command is executed.
14:18:01 INFO  : Connected to target on host '127.0.0.1' and port '3121'.
14:18:01 INFO  : Jtag cable 'Digilent Basys3 210183739922A' is selected.
14:18:01 INFO  : 'jtag frequency' command is executed.
14:18:01 INFO  : Context for processor 'microblaze_0' is selected.
14:18:01 INFO  : Processor reset is completed for 'microblaze_0'.
14:18:01 INFO  : Context for processor 'microblaze_0' is selected.
14:18:01 INFO  : The application 'C:/Users/Aklas/Desktop/microSense_topLevel/microSense/microSense.sdk/microblaze/Debug/microblaze.elf' is downloaded to processor 'microblaze_0'.
14:18:01 INFO  : ----------------XSDB Script----------------
connect -url tcp:127.0.0.1:3121
targets -set -nocase -filter {name =~ "microblaze*#0" && bscan=="USER2"  && jtag_cable_name =~ "Digilent Basys3 210183739922A"} -index 0
rst -processor
targets -set -nocase -filter {name =~ "microblaze*#0" && bscan=="USER2"  && jtag_cable_name =~ "Digilent Basys3 210183739922A"} -index 0
dow C:/Users/Aklas/Desktop/microSense_topLevel/microSense/microSense.sdk/microblaze/Debug/microblaze.elf
----------------End of Script----------------

14:18:01 INFO  : Memory regions updated for context MicroBlaze #0
14:18:01 INFO  : Memory regions updated for context MicroBlaze #0
14:18:01 INFO  : Context for processor 'microblaze_0' is selected.
14:18:01 INFO  : 'con' command is executed.
14:18:01 INFO  : ----------------XSDB Script (After Launch)----------------
targets -set -nocase -filter {name =~ "microblaze*#0" && bscan=="USER2"  && jtag_cable_name =~ "Digilent Basys3 210183739922A"} -index 0
con
----------------End of Script----------------

14:18:01 INFO  : Launch script is exported to file 'C:\Users\Aklas\Desktop\microSense_topLevel\microSense\microSense.sdk\.sdk\launch_scripts\xilinx_c-c++_application_(system_debugger)\system_debugger_using_debug_microblaze.elf_on_local.tcl'
14:18:28 INFO  : Disconnected from the channel tcfchan#23.
14:18:29 INFO  : 'targets -set -filter {jtag_cable_name =~ "Digilent Basys3 210183739922A" && level==0} -index 0' command is executed.
14:18:29 INFO  : 'fpga -state' command is executed.
14:18:29 INFO  : Connected to target on host '127.0.0.1' and port '3121'.
14:18:29 INFO  : Jtag cable 'Digilent Basys3 210183739922A' is selected.
14:18:29 INFO  : 'jtag frequency' command is executed.
14:18:29 INFO  : Context for processor 'microblaze_0' is selected.
14:18:29 INFO  : Processor reset is completed for 'microblaze_0'.
14:18:29 INFO  : Context for processor 'microblaze_0' is selected.
14:18:30 INFO  : The application 'C:/Users/Aklas/Desktop/microSense_topLevel/microSense/microSense.sdk/microblaze/Debug/microblaze.elf' is downloaded to processor 'microblaze_0'.
14:18:30 INFO  : ----------------XSDB Script----------------
connect -url tcp:127.0.0.1:3121
targets -set -nocase -filter {name =~ "microblaze*#0" && bscan=="USER2"  && jtag_cable_name =~ "Digilent Basys3 210183739922A"} -index 0
rst -processor
targets -set -nocase -filter {name =~ "microblaze*#0" && bscan=="USER2"  && jtag_cable_name =~ "Digilent Basys3 210183739922A"} -index 0
dow C:/Users/Aklas/Desktop/microSense_topLevel/microSense/microSense.sdk/microblaze/Debug/microblaze.elf
----------------End of Script----------------

14:18:30 INFO  : Memory regions updated for context MicroBlaze #0
14:18:30 INFO  : Memory regions updated for context MicroBlaze #0
14:18:30 INFO  : Context for processor 'microblaze_0' is selected.
14:18:30 INFO  : 'con' command is executed.
14:18:30 INFO  : ----------------XSDB Script (After Launch)----------------
targets -set -nocase -filter {name =~ "microblaze*#0" && bscan=="USER2"  && jtag_cable_name =~ "Digilent Basys3 210183739922A"} -index 0
con
----------------End of Script----------------

14:18:30 INFO  : Launch script is exported to file 'C:\Users\Aklas\Desktop\microSense_topLevel\microSense\microSense.sdk\.sdk\launch_scripts\xilinx_c-c++_application_(system_debugger)\system_debugger_using_debug_microblaze.elf_on_local.tcl'
14:19:37 INFO  : Disconnected from the channel tcfchan#24.
14:19:38 INFO  : 'targets -set -filter {jtag_cable_name =~ "Digilent Basys3 210183739922A" && level==0} -index 0' command is executed.
14:19:38 INFO  : 'fpga -state' command is executed.
14:19:38 INFO  : Connected to target on host '127.0.0.1' and port '3121'.
14:19:38 INFO  : Jtag cable 'Digilent Basys3 210183739922A' is selected.
14:19:38 INFO  : 'jtag frequency' command is executed.
14:19:38 INFO  : Context for processor 'microblaze_0' is selected.
14:19:38 INFO  : Processor reset is completed for 'microblaze_0'.
14:19:38 INFO  : Context for processor 'microblaze_0' is selected.
14:19:38 INFO  : The application 'C:/Users/Aklas/Desktop/microSense_topLevel/microSense/microSense.sdk/microblaze/Debug/microblaze.elf' is downloaded to processor 'microblaze_0'.
14:19:38 INFO  : ----------------XSDB Script----------------
connect -url tcp:127.0.0.1:3121
targets -set -nocase -filter {name =~ "microblaze*#0" && bscan=="USER2"  && jtag_cable_name =~ "Digilent Basys3 210183739922A"} -index 0
rst -processor
targets -set -nocase -filter {name =~ "microblaze*#0" && bscan=="USER2"  && jtag_cable_name =~ "Digilent Basys3 210183739922A"} -index 0
dow C:/Users/Aklas/Desktop/microSense_topLevel/microSense/microSense.sdk/microblaze/Debug/microblaze.elf
----------------End of Script----------------

14:19:38 INFO  : Memory regions updated for context MicroBlaze #0
14:19:38 INFO  : Memory regions updated for context MicroBlaze #0
14:19:39 INFO  : Context for processor 'microblaze_0' is selected.
14:19:39 INFO  : 'con' command is executed.
14:19:39 INFO  : ----------------XSDB Script (After Launch)----------------
targets -set -nocase -filter {name =~ "microblaze*#0" && bscan=="USER2"  && jtag_cable_name =~ "Digilent Basys3 210183739922A"} -index 0
con
----------------End of Script----------------

14:19:39 INFO  : Launch script is exported to file 'C:\Users\Aklas\Desktop\microSense_topLevel\microSense\microSense.sdk\.sdk\launch_scripts\xilinx_c-c++_application_(system_debugger)\system_debugger_using_debug_microblaze.elf_on_local.tcl'
14:21:48 INFO  : Disconnected from the channel tcfchan#25.
14:21:49 INFO  : 'targets -set -filter {jtag_cable_name =~ "Digilent Basys3 210183739922A" && level==0} -index 0' command is executed.
14:21:49 INFO  : 'fpga -state' command is executed.
14:21:49 INFO  : Connected to target on host '127.0.0.1' and port '3121'.
14:21:49 INFO  : Jtag cable 'Digilent Basys3 210183739922A' is selected.
14:21:49 INFO  : 'jtag frequency' command is executed.
14:21:49 INFO  : Context for processor 'microblaze_0' is selected.
14:21:49 INFO  : Processor reset is completed for 'microblaze_0'.
14:21:49 INFO  : Context for processor 'microblaze_0' is selected.
14:21:49 INFO  : The application 'C:/Users/Aklas/Desktop/microSense_topLevel/microSense/microSense.sdk/microblaze/Debug/microblaze.elf' is downloaded to processor 'microblaze_0'.
14:21:49 INFO  : ----------------XSDB Script----------------
connect -url tcp:127.0.0.1:3121
targets -set -nocase -filter {name =~ "microblaze*#0" && bscan=="USER2"  && jtag_cable_name =~ "Digilent Basys3 210183739922A"} -index 0
rst -processor
targets -set -nocase -filter {name =~ "microblaze*#0" && bscan=="USER2"  && jtag_cable_name =~ "Digilent Basys3 210183739922A"} -index 0
dow C:/Users/Aklas/Desktop/microSense_topLevel/microSense/microSense.sdk/microblaze/Debug/microblaze.elf
----------------End of Script----------------

14:21:49 INFO  : Memory regions updated for context MicroBlaze #0
14:21:49 INFO  : Memory regions updated for context MicroBlaze #0
14:21:50 INFO  : Context for processor 'microblaze_0' is selected.
14:21:50 INFO  : 'con' command is executed.
14:21:50 INFO  : ----------------XSDB Script (After Launch)----------------
targets -set -nocase -filter {name =~ "microblaze*#0" && bscan=="USER2"  && jtag_cable_name =~ "Digilent Basys3 210183739922A"} -index 0
con
----------------End of Script----------------

14:21:50 INFO  : Launch script is exported to file 'C:\Users\Aklas\Desktop\microSense_topLevel\microSense\microSense.sdk\.sdk\launch_scripts\xilinx_c-c++_application_(system_debugger)\system_debugger_using_debug_microblaze.elf_on_local.tcl'
14:23:38 INFO  : Disconnected from the channel tcfchan#26.
14:23:39 INFO  : 'targets -set -filter {jtag_cable_name =~ "Digilent Basys3 210183739922A" && level==0} -index 0' command is executed.
14:23:39 INFO  : 'fpga -state' command is executed.
14:23:39 INFO  : Connected to target on host '127.0.0.1' and port '3121'.
14:23:39 INFO  : Jtag cable 'Digilent Basys3 210183739922A' is selected.
14:23:39 INFO  : 'jtag frequency' command is executed.
14:23:39 INFO  : Context for processor 'microblaze_0' is selected.
14:23:39 INFO  : Processor reset is completed for 'microblaze_0'.
14:23:39 INFO  : Context for processor 'microblaze_0' is selected.
14:23:40 INFO  : The application 'C:/Users/Aklas/Desktop/microSense_topLevel/microSense/microSense.sdk/microblaze/Debug/microblaze.elf' is downloaded to processor 'microblaze_0'.
14:23:40 INFO  : ----------------XSDB Script----------------
connect -url tcp:127.0.0.1:3121
targets -set -nocase -filter {name =~ "microblaze*#0" && bscan=="USER2"  && jtag_cable_name =~ "Digilent Basys3 210183739922A"} -index 0
rst -processor
targets -set -nocase -filter {name =~ "microblaze*#0" && bscan=="USER2"  && jtag_cable_name =~ "Digilent Basys3 210183739922A"} -index 0
dow C:/Users/Aklas/Desktop/microSense_topLevel/microSense/microSense.sdk/microblaze/Debug/microblaze.elf
----------------End of Script----------------

14:23:40 INFO  : Memory regions updated for context MicroBlaze #0
14:23:40 INFO  : Memory regions updated for context MicroBlaze #0
14:23:40 INFO  : Context for processor 'microblaze_0' is selected.
14:23:40 INFO  : 'con' command is executed.
14:23:40 INFO  : ----------------XSDB Script (After Launch)----------------
targets -set -nocase -filter {name =~ "microblaze*#0" && bscan=="USER2"  && jtag_cable_name =~ "Digilent Basys3 210183739922A"} -index 0
con
----------------End of Script----------------

14:23:40 INFO  : Launch script is exported to file 'C:\Users\Aklas\Desktop\microSense_topLevel\microSense\microSense.sdk\.sdk\launch_scripts\xilinx_c-c++_application_(system_debugger)\system_debugger_using_debug_microblaze.elf_on_local.tcl'
14:25:45 INFO  : Disconnected from the channel tcfchan#27.
14:25:46 INFO  : 'targets -set -filter {jtag_cable_name =~ "Digilent Basys3 210183739922A" && level==0} -index 0' command is executed.
14:25:46 INFO  : 'fpga -state' command is executed.
14:25:46 INFO  : Connected to target on host '127.0.0.1' and port '3121'.
14:25:46 INFO  : Jtag cable 'Digilent Basys3 210183739922A' is selected.
14:25:46 INFO  : 'jtag frequency' command is executed.
14:25:46 INFO  : Context for processor 'microblaze_0' is selected.
14:25:46 INFO  : Processor reset is completed for 'microblaze_0'.
14:25:46 INFO  : Context for processor 'microblaze_0' is selected.
14:25:46 INFO  : The application 'C:/Users/Aklas/Desktop/microSense_topLevel/microSense/microSense.sdk/microblaze/Debug/microblaze.elf' is downloaded to processor 'microblaze_0'.
14:25:46 INFO  : ----------------XSDB Script----------------
connect -url tcp:127.0.0.1:3121
targets -set -nocase -filter {name =~ "microblaze*#0" && bscan=="USER2"  && jtag_cable_name =~ "Digilent Basys3 210183739922A"} -index 0
rst -processor
targets -set -nocase -filter {name =~ "microblaze*#0" && bscan=="USER2"  && jtag_cable_name =~ "Digilent Basys3 210183739922A"} -index 0
dow C:/Users/Aklas/Desktop/microSense_topLevel/microSense/microSense.sdk/microblaze/Debug/microblaze.elf
----------------End of Script----------------

14:25:46 INFO  : Memory regions updated for context MicroBlaze #0
14:25:46 INFO  : Memory regions updated for context MicroBlaze #0
14:25:47 INFO  : Context for processor 'microblaze_0' is selected.
14:25:47 INFO  : 'con' command is executed.
14:25:47 INFO  : ----------------XSDB Script (After Launch)----------------
targets -set -nocase -filter {name =~ "microblaze*#0" && bscan=="USER2"  && jtag_cable_name =~ "Digilent Basys3 210183739922A"} -index 0
con
----------------End of Script----------------

14:25:47 INFO  : Launch script is exported to file 'C:\Users\Aklas\Desktop\microSense_topLevel\microSense\microSense.sdk\.sdk\launch_scripts\xilinx_c-c++_application_(system_debugger)\system_debugger_using_debug_microblaze.elf_on_local.tcl'
14:26:30 INFO  : Disconnected from the channel tcfchan#28.
14:26:31 INFO  : 'targets -set -filter {jtag_cable_name =~ "Digilent Basys3 210183739922A" && level==0} -index 0' command is executed.
14:26:32 INFO  : 'fpga -state' command is executed.
14:26:32 INFO  : Connected to target on host '127.0.0.1' and port '3121'.
14:26:32 INFO  : Jtag cable 'Digilent Basys3 210183739922A' is selected.
14:26:32 INFO  : 'jtag frequency' command is executed.
14:26:32 INFO  : Context for processor 'microblaze_0' is selected.
14:26:32 INFO  : Processor reset is completed for 'microblaze_0'.
14:26:32 INFO  : Context for processor 'microblaze_0' is selected.
14:26:32 INFO  : The application 'C:/Users/Aklas/Desktop/microSense_topLevel/microSense/microSense.sdk/microblaze/Debug/microblaze.elf' is downloaded to processor 'microblaze_0'.
14:26:32 INFO  : ----------------XSDB Script----------------
connect -url tcp:127.0.0.1:3121
targets -set -nocase -filter {name =~ "microblaze*#0" && bscan=="USER2"  && jtag_cable_name =~ "Digilent Basys3 210183739922A"} -index 0
rst -processor
targets -set -nocase -filter {name =~ "microblaze*#0" && bscan=="USER2"  && jtag_cable_name =~ "Digilent Basys3 210183739922A"} -index 0
dow C:/Users/Aklas/Desktop/microSense_topLevel/microSense/microSense.sdk/microblaze/Debug/microblaze.elf
----------------End of Script----------------

14:26:32 INFO  : Memory regions updated for context MicroBlaze #0
14:26:32 INFO  : Memory regions updated for context MicroBlaze #0
14:26:32 INFO  : Context for processor 'microblaze_0' is selected.
14:26:32 INFO  : 'con' command is executed.
14:26:32 INFO  : ----------------XSDB Script (After Launch)----------------
targets -set -nocase -filter {name =~ "microblaze*#0" && bscan=="USER2"  && jtag_cable_name =~ "Digilent Basys3 210183739922A"} -index 0
con
----------------End of Script----------------

14:26:32 INFO  : Launch script is exported to file 'C:\Users\Aklas\Desktop\microSense_topLevel\microSense\microSense.sdk\.sdk\launch_scripts\xilinx_c-c++_application_(system_debugger)\system_debugger_using_debug_microblaze.elf_on_local.tcl'
14:26:42 INFO  : Disconnected from the channel tcfchan#29.
14:26:43 INFO  : 'targets -set -filter {jtag_cable_name =~ "Digilent Basys3 210183739922A" && level==0} -index 0' command is executed.
14:26:43 INFO  : 'fpga -state' command is executed.
14:26:43 INFO  : Connected to target on host '127.0.0.1' and port '3121'.
14:26:43 INFO  : Jtag cable 'Digilent Basys3 210183739922A' is selected.
14:26:43 INFO  : 'jtag frequency' command is executed.
14:26:43 INFO  : Context for processor 'microblaze_0' is selected.
14:26:43 INFO  : Processor reset is completed for 'microblaze_0'.
14:26:43 INFO  : Context for processor 'microblaze_0' is selected.
14:26:43 INFO  : The application 'C:/Users/Aklas/Desktop/microSense_topLevel/microSense/microSense.sdk/microblaze/Debug/microblaze.elf' is downloaded to processor 'microblaze_0'.
14:26:43 INFO  : ----------------XSDB Script----------------
connect -url tcp:127.0.0.1:3121
targets -set -nocase -filter {name =~ "microblaze*#0" && bscan=="USER2"  && jtag_cable_name =~ "Digilent Basys3 210183739922A"} -index 0
rst -processor
targets -set -nocase -filter {name =~ "microblaze*#0" && bscan=="USER2"  && jtag_cable_name =~ "Digilent Basys3 210183739922A"} -index 0
dow C:/Users/Aklas/Desktop/microSense_topLevel/microSense/microSense.sdk/microblaze/Debug/microblaze.elf
----------------End of Script----------------

14:26:44 INFO  : Memory regions updated for context MicroBlaze #0
14:26:44 INFO  : Memory regions updated for context MicroBlaze #0
14:26:44 INFO  : Context for processor 'microblaze_0' is selected.
14:26:44 INFO  : 'con' command is executed.
14:26:44 INFO  : ----------------XSDB Script (After Launch)----------------
targets -set -nocase -filter {name =~ "microblaze*#0" && bscan=="USER2"  && jtag_cable_name =~ "Digilent Basys3 210183739922A"} -index 0
con
----------------End of Script----------------

14:26:44 INFO  : Launch script is exported to file 'C:\Users\Aklas\Desktop\microSense_topLevel\microSense\microSense.sdk\.sdk\launch_scripts\xilinx_c-c++_application_(system_debugger)\system_debugger_using_debug_microblaze.elf_on_local.tcl'
14:28:02 INFO  : Disconnected from the channel tcfchan#30.
14:28:03 INFO  : 'targets -set -filter {jtag_cable_name =~ "Digilent Basys3 210183739922A" && level==0} -index 0' command is executed.
14:28:03 INFO  : 'fpga -state' command is executed.
14:28:03 INFO  : Connected to target on host '127.0.0.1' and port '3121'.
14:28:04 INFO  : Jtag cable 'Digilent Basys3 210183739922A' is selected.
14:28:04 INFO  : 'jtag frequency' command is executed.
14:28:04 INFO  : Context for processor 'microblaze_0' is selected.
14:28:04 INFO  : Processor reset is completed for 'microblaze_0'.
14:28:04 INFO  : Context for processor 'microblaze_0' is selected.
14:28:04 INFO  : The application 'C:/Users/Aklas/Desktop/microSense_topLevel/microSense/microSense.sdk/microblaze/Debug/microblaze.elf' is downloaded to processor 'microblaze_0'.
14:28:04 INFO  : ----------------XSDB Script----------------
connect -url tcp:127.0.0.1:3121
targets -set -nocase -filter {name =~ "microblaze*#0" && bscan=="USER2"  && jtag_cable_name =~ "Digilent Basys3 210183739922A"} -index 0
rst -processor
targets -set -nocase -filter {name =~ "microblaze*#0" && bscan=="USER2"  && jtag_cable_name =~ "Digilent Basys3 210183739922A"} -index 0
dow C:/Users/Aklas/Desktop/microSense_topLevel/microSense/microSense.sdk/microblaze/Debug/microblaze.elf
----------------End of Script----------------

14:28:04 INFO  : Memory regions updated for context MicroBlaze #0
14:28:04 INFO  : Memory regions updated for context MicroBlaze #0
14:28:04 INFO  : Context for processor 'microblaze_0' is selected.
14:28:04 INFO  : 'con' command is executed.
14:28:04 INFO  : ----------------XSDB Script (After Launch)----------------
targets -set -nocase -filter {name =~ "microblaze*#0" && bscan=="USER2"  && jtag_cable_name =~ "Digilent Basys3 210183739922A"} -index 0
con
----------------End of Script----------------

14:28:04 INFO  : Launch script is exported to file 'C:\Users\Aklas\Desktop\microSense_topLevel\microSense\microSense.sdk\.sdk\launch_scripts\xilinx_c-c++_application_(system_debugger)\system_debugger_using_debug_microblaze.elf_on_local.tcl'
14:28:46 INFO  : Disconnected from the channel tcfchan#31.
14:28:47 INFO  : 'targets -set -filter {jtag_cable_name =~ "Digilent Basys3 210183739922A" && level==0} -index 0' command is executed.
14:28:47 INFO  : 'fpga -state' command is executed.
14:28:47 INFO  : Connected to target on host '127.0.0.1' and port '3121'.
14:28:47 INFO  : Jtag cable 'Digilent Basys3 210183739922A' is selected.
14:28:47 INFO  : 'jtag frequency' command is executed.
14:28:47 INFO  : Context for processor 'microblaze_0' is selected.
14:28:47 INFO  : Processor reset is completed for 'microblaze_0'.
14:28:47 INFO  : Context for processor 'microblaze_0' is selected.
14:28:48 INFO  : The application 'C:/Users/Aklas/Desktop/microSense_topLevel/microSense/microSense.sdk/microblaze/Debug/microblaze.elf' is downloaded to processor 'microblaze_0'.
14:28:48 INFO  : ----------------XSDB Script----------------
connect -url tcp:127.0.0.1:3121
targets -set -nocase -filter {name =~ "microblaze*#0" && bscan=="USER2"  && jtag_cable_name =~ "Digilent Basys3 210183739922A"} -index 0
rst -processor
targets -set -nocase -filter {name =~ "microblaze*#0" && bscan=="USER2"  && jtag_cable_name =~ "Digilent Basys3 210183739922A"} -index 0
dow C:/Users/Aklas/Desktop/microSense_topLevel/microSense/microSense.sdk/microblaze/Debug/microblaze.elf
----------------End of Script----------------

14:28:48 INFO  : Memory regions updated for context MicroBlaze #0
14:28:48 INFO  : Memory regions updated for context MicroBlaze #0
14:28:48 INFO  : Context for processor 'microblaze_0' is selected.
14:28:48 INFO  : 'con' command is executed.
14:28:48 INFO  : ----------------XSDB Script (After Launch)----------------
targets -set -nocase -filter {name =~ "microblaze*#0" && bscan=="USER2"  && jtag_cable_name =~ "Digilent Basys3 210183739922A"} -index 0
con
----------------End of Script----------------

14:28:48 INFO  : Launch script is exported to file 'C:\Users\Aklas\Desktop\microSense_topLevel\microSense\microSense.sdk\.sdk\launch_scripts\xilinx_c-c++_application_(system_debugger)\system_debugger_using_debug_microblaze.elf_on_local.tcl'
14:30:43 INFO  : Disconnected from the channel tcfchan#32.
14:30:44 INFO  : 'targets -set -filter {jtag_cable_name =~ "Digilent Basys3 210183739922A" && level==0} -index 0' command is executed.
14:30:44 INFO  : 'fpga -state' command is executed.
14:30:44 INFO  : Connected to target on host '127.0.0.1' and port '3121'.
14:30:44 INFO  : Jtag cable 'Digilent Basys3 210183739922A' is selected.
14:30:44 INFO  : 'jtag frequency' command is executed.
14:30:44 INFO  : Context for processor 'microblaze_0' is selected.
14:30:44 INFO  : Processor reset is completed for 'microblaze_0'.
14:30:44 INFO  : Context for processor 'microblaze_0' is selected.
14:30:45 INFO  : The application 'C:/Users/Aklas/Desktop/microSense_topLevel/microSense/microSense.sdk/microblaze/Debug/microblaze.elf' is downloaded to processor 'microblaze_0'.
14:30:45 INFO  : ----------------XSDB Script----------------
connect -url tcp:127.0.0.1:3121
targets -set -nocase -filter {name =~ "microblaze*#0" && bscan=="USER2"  && jtag_cable_name =~ "Digilent Basys3 210183739922A"} -index 0
rst -processor
targets -set -nocase -filter {name =~ "microblaze*#0" && bscan=="USER2"  && jtag_cable_name =~ "Digilent Basys3 210183739922A"} -index 0
dow C:/Users/Aklas/Desktop/microSense_topLevel/microSense/microSense.sdk/microblaze/Debug/microblaze.elf
----------------End of Script----------------

14:30:45 INFO  : Memory regions updated for context MicroBlaze #0
14:30:45 INFO  : Memory regions updated for context MicroBlaze #0
14:30:45 INFO  : Context for processor 'microblaze_0' is selected.
14:30:45 INFO  : 'con' command is executed.
14:30:45 INFO  : ----------------XSDB Script (After Launch)----------------
targets -set -nocase -filter {name =~ "microblaze*#0" && bscan=="USER2"  && jtag_cable_name =~ "Digilent Basys3 210183739922A"} -index 0
con
----------------End of Script----------------

14:30:45 INFO  : Launch script is exported to file 'C:\Users\Aklas\Desktop\microSense_topLevel\microSense\microSense.sdk\.sdk\launch_scripts\xilinx_c-c++_application_(system_debugger)\system_debugger_using_debug_microblaze.elf_on_local.tcl'
14:46:21 INFO  : Connected to target on host '127.0.0.1' and port '3121'.
14:47:08 INFO  : Connected to target on host '127.0.0.1' and port '3121'.
14:47:08 INFO  : 'targets -set -filter {jtag_cable_name =~ "Digilent Basys3 210183739922A" && level==0} -index 0' command is executed.
14:47:09 INFO  : FPGA configured successfully with bitstream "C:/Users/Aklas/Desktop/microSense_topLevel/microSense/microSense.sdk/microSense_top_level_wrapper_hw_platform_0/download.bit"
14:54:23 INFO  : Disconnected from the channel tcfchan#33.
14:54:24 INFO  : 'targets -set -filter {jtag_cable_name =~ "Digilent Basys3 210183739922A" && level==0} -index 0' command is executed.
14:54:24 INFO  : 'fpga -state' command is executed.
14:54:24 INFO  : Connected to target on host '127.0.0.1' and port '3121'.
14:54:24 INFO  : Jtag cable 'Digilent Basys3 210183739922A' is selected.
14:54:24 INFO  : 'jtag frequency' command is executed.
14:54:24 INFO  : Context for processor 'microblaze_0' is selected.
14:54:24 INFO  : Processor reset is completed for 'microblaze_0'.
14:54:24 INFO  : Context for processor 'microblaze_0' is selected.
14:54:24 INFO  : The application 'C:/Users/Aklas/Desktop/microSense_topLevel/microSense/microSense.sdk/microblaze/Debug/microblaze.elf' is downloaded to processor 'microblaze_0'.
14:54:24 INFO  : ----------------XSDB Script----------------
connect -url tcp:127.0.0.1:3121
targets -set -nocase -filter {name =~ "microblaze*#0" && bscan=="USER2"  && jtag_cable_name =~ "Digilent Basys3 210183739922A"} -index 0
rst -processor
targets -set -nocase -filter {name =~ "microblaze*#0" && bscan=="USER2"  && jtag_cable_name =~ "Digilent Basys3 210183739922A"} -index 0
dow C:/Users/Aklas/Desktop/microSense_topLevel/microSense/microSense.sdk/microblaze/Debug/microblaze.elf
----------------End of Script----------------

14:54:25 INFO  : Memory regions updated for context MicroBlaze #0
14:54:25 INFO  : Memory regions updated for context MicroBlaze #0
14:54:25 INFO  : Context for processor 'microblaze_0' is selected.
14:54:25 INFO  : 'con' command is executed.
14:54:25 INFO  : ----------------XSDB Script (After Launch)----------------
targets -set -nocase -filter {name =~ "microblaze*#0" && bscan=="USER2"  && jtag_cable_name =~ "Digilent Basys3 210183739922A"} -index 0
con
----------------End of Script----------------

14:54:25 INFO  : Launch script is exported to file 'C:\Users\Aklas\Desktop\microSense_topLevel\microSense\microSense.sdk\.sdk\launch_scripts\xilinx_c-c++_application_(system_debugger)\system_debugger_using_debug_microblaze.elf_on_local.tcl'
15:05:54 INFO  : Connected to target on host '127.0.0.1' and port '3121'.
15:05:54 INFO  : 'targets -set -filter {jtag_cable_name =~ "Digilent Basys3 210183739922A" && level==0} -index 0' command is executed.
15:05:55 INFO  : FPGA configured successfully with bitstream "C:/Users/Aklas/Desktop/microSense_topLevel/microSense/microSense.sdk/microSense_top_level_wrapper_hw_platform_0/download.bit"
16:55:57 INFO  : Connected to target on host '127.0.0.1' and port '3121'.
16:55:58 INFO  : 'targets -set -filter {jtag_cable_name =~ "Digilent Basys3 210183739922A" && level==0} -index 0' command is executed.
16:55:59 INFO  : FPGA configured successfully with bitstream "C:/Users/Aklas/Desktop/microSense_topLevel/microSense/microSense.sdk/microSense_top_level_wrapper_hw_platform_0/download.bit"
16:57:22 INFO  : Disconnected from the channel tcfchan#34.
16:57:23 INFO  : 'targets -set -filter {jtag_cable_name =~ "Digilent Basys3 210183739922A" && level==0} -index 0' command is executed.
16:57:23 INFO  : 'fpga -state' command is executed.
16:57:23 INFO  : Connected to target on host '127.0.0.1' and port '3121'.
16:57:23 INFO  : Jtag cable 'Digilent Basys3 210183739922A' is selected.
16:57:23 INFO  : 'jtag frequency' command is executed.
16:57:23 INFO  : Context for processor 'microblaze_0' is selected.
16:57:23 INFO  : Processor reset is completed for 'microblaze_0'.
16:57:23 INFO  : Context for processor 'microblaze_0' is selected.
16:57:24 INFO  : The application 'C:/Users/Aklas/Desktop/microSense_topLevel/microSense/microSense.sdk/microblaze/Debug/microblaze.elf' is downloaded to processor 'microblaze_0'.
16:57:24 INFO  : ----------------XSDB Script----------------
connect -url tcp:127.0.0.1:3121
targets -set -nocase -filter {name =~ "microblaze*#0" && bscan=="USER2"  && jtag_cable_name =~ "Digilent Basys3 210183739922A"} -index 0
rst -processor
targets -set -nocase -filter {name =~ "microblaze*#0" && bscan=="USER2"  && jtag_cable_name =~ "Digilent Basys3 210183739922A"} -index 0
dow C:/Users/Aklas/Desktop/microSense_topLevel/microSense/microSense.sdk/microblaze/Debug/microblaze.elf
----------------End of Script----------------

16:57:24 INFO  : Memory regions updated for context MicroBlaze #0
16:57:24 INFO  : Memory regions updated for context MicroBlaze #0
16:57:24 INFO  : Context for processor 'microblaze_0' is selected.
16:57:24 INFO  : 'con' command is executed.
16:57:24 INFO  : ----------------XSDB Script (After Launch)----------------
targets -set -nocase -filter {name =~ "microblaze*#0" && bscan=="USER2"  && jtag_cable_name =~ "Digilent Basys3 210183739922A"} -index 0
con
----------------End of Script----------------

16:57:24 INFO  : Launch script is exported to file 'C:\Users\Aklas\Desktop\microSense_topLevel\microSense\microSense.sdk\.sdk\launch_scripts\xilinx_c-c++_application_(system_debugger)\system_debugger_using_debug_microblaze.elf_on_local.tcl'
16:57:47 INFO  : Connected to target on host '127.0.0.1' and port '3121'.
16:57:47 INFO  : 'targets -set -filter {jtag_cable_name =~ "Digilent Basys3 210183739922A" && level==0} -index 0' command is executed.
16:57:48 INFO  : FPGA configured successfully with bitstream "C:/Users/Aklas/Desktop/microSense_topLevel/microSense/microSense.sdk/microSense_top_level_wrapper_hw_platform_0/download.bit"
17:00:27 INFO  : Disconnected from the channel tcfchan#35.
17:00:28 INFO  : 'targets -set -filter {jtag_cable_name =~ "Digilent Basys3 210183739922A" && level==0} -index 0' command is executed.
17:00:28 INFO  : 'fpga -state' command is executed.
17:00:28 INFO  : Connected to target on host '127.0.0.1' and port '3121'.
17:00:28 INFO  : Jtag cable 'Digilent Basys3 210183739922A' is selected.
17:00:28 INFO  : 'jtag frequency' command is executed.
17:00:29 INFO  : Context for processor 'microblaze_0' is selected.
17:00:29 INFO  : Processor reset is completed for 'microblaze_0'.
17:00:29 INFO  : Context for processor 'microblaze_0' is selected.
17:00:29 INFO  : The application 'C:/Users/Aklas/Desktop/microSense_topLevel/microSense/microSense.sdk/microblaze/Debug/microblaze.elf' is downloaded to processor 'microblaze_0'.
17:00:29 INFO  : ----------------XSDB Script----------------
connect -url tcp:127.0.0.1:3121
targets -set -nocase -filter {name =~ "microblaze*#0" && bscan=="USER2"  && jtag_cable_name =~ "Digilent Basys3 210183739922A"} -index 0
rst -processor
targets -set -nocase -filter {name =~ "microblaze*#0" && bscan=="USER2"  && jtag_cable_name =~ "Digilent Basys3 210183739922A"} -index 0
dow C:/Users/Aklas/Desktop/microSense_topLevel/microSense/microSense.sdk/microblaze/Debug/microblaze.elf
----------------End of Script----------------

17:00:29 INFO  : Memory regions updated for context MicroBlaze #0
17:00:29 INFO  : Memory regions updated for context MicroBlaze #0
17:00:29 INFO  : Context for processor 'microblaze_0' is selected.
17:00:29 INFO  : 'con' command is executed.
17:00:29 INFO  : ----------------XSDB Script (After Launch)----------------
targets -set -nocase -filter {name =~ "microblaze*#0" && bscan=="USER2"  && jtag_cable_name =~ "Digilent Basys3 210183739922A"} -index 0
con
----------------End of Script----------------

17:00:29 INFO  : Launch script is exported to file 'C:\Users\Aklas\Desktop\microSense_topLevel\microSense\microSense.sdk\.sdk\launch_scripts\xilinx_c-c++_application_(system_debugger)\system_debugger_using_debug_microblaze.elf_on_local.tcl'
21:18:52 INFO  : Disconnected from the channel tcfchan#36.
