
*** Running vivado
    with args -log microSense_top_level_microblaze_0_0.vds -m64 -product Vivado -mode batch -messageDb vivado.pb -notrace -source microSense_top_level_microblaze_0_0.tcl


****** Vivado v2017.3 (64-bit)
  **** SW Build 2018833 on Wed Oct  4 19:58:22 MDT 2017
  **** IP Build 2016188 on Wed Oct  4 21:52:56 MDT 2017
    ** Copyright 1986-2017 Xilinx, Inc. All Rights Reserved.

source microSense_top_level_microblaze_0_0.tcl -notrace
Starting RTL Elaboration : Time (s): cpu = 00:00:19 ; elapsed = 00:00:20 . Memory (MB): peak = 354.199 ; gain = 95.855
INFO: [Synth 8-638] synthesizing module 'microSense_top_level_microblaze_0_0' [c:/Users/Aklas/Desktop/microSense_topLevel/microSense/microSense.srcs/sources_1/bd/microSense_top_level/ip/microSense_top_level_microblaze_0_0/synth/microSense_top_level_microblaze_0_0.vhd:116]
INFO: [Synth 8-256] done synthesizing module 'microSense_top_level_microblaze_0_0' (52#1) [c:/Users/Aklas/Desktop/microSense_topLevel/microSense/microSense.srcs/sources_1/bd/microSense_top_level/ip/microSense_top_level_microblaze_0_0/synth/microSense_top_level_microblaze_0_0.vhd:116]
Finished RTL Elaboration : Time (s): cpu = 00:00:41 ; elapsed = 00:00:42 . Memory (MB): peak = 652.707 ; gain = 394.363
Finished RTL Optimization Phase 1 : Time (s): cpu = 00:00:42 ; elapsed = 00:00:45 . Memory (MB): peak = 652.707 ; gain = 394.363
INFO: [Device 21-403] Loading part xc7a35tcpg236-1
Constraint Validation Runtime : Time (s): cpu = 00:00:00 ; elapsed = 00:00:00.210 . Memory (MB): peak = 904.613 ; gain = 0.000
Finished Constraint Validation : Time (s): cpu = 00:01:28 ; elapsed = 00:01:32 . Memory (MB): peak = 904.613 ; gain = 646.270
Finished Loading Part and Timing Information : Time (s): cpu = 00:01:28 ; elapsed = 00:01:32 . Memory (MB): peak = 904.613 ; gain = 646.270
Finished applying 'set_property' XDC Constraints : Time (s): cpu = 00:01:28 ; elapsed = 00:01:32 . Memory (MB): peak = 904.613 ; gain = 646.270
Finished RTL Optimization Phase 2 : Time (s): cpu = 00:01:35 ; elapsed = 00:01:38 . Memory (MB): peak = 904.613 ; gain = 646.270
Finished Cross Boundary and Area Optimization : Time (s): cpu = 00:01:46 ; elapsed = 00:01:49 . Memory (MB): peak = 904.613 ; gain = 646.270
Finished Applying XDC Timing Constraints : Time (s): cpu = 00:01:58 ; elapsed = 00:02:02 . Memory (MB): peak = 904.613 ; gain = 646.270
Finished Timing Optimization : Time (s): cpu = 00:02:11 ; elapsed = 00:02:15 . Memory (MB): peak = 904.613 ; gain = 646.270
Finished Technology Mapping : Time (s): cpu = 00:02:13 ; elapsed = 00:02:17 . Memory (MB): peak = 904.613 ; gain = 646.270
Finished IO Insertion : Time (s): cpu = 00:02:15 ; elapsed = 00:02:19 . Memory (MB): peak = 904.613 ; gain = 646.270
Finished Renaming Generated Instances : Time (s): cpu = 00:02:15 ; elapsed = 00:02:19 . Memory (MB): peak = 904.613 ; gain = 646.270
Finished Rebuilding User Hierarchy : Time (s): cpu = 00:02:15 ; elapsed = 00:02:19 . Memory (MB): peak = 904.613 ; gain = 646.270
Finished Renaming Generated Ports : Time (s): cpu = 00:02:15 ; elapsed = 00:02:19 . Memory (MB): peak = 904.613 ; gain = 646.270
Finished Handling Custom Attributes : Time (s): cpu = 00:02:15 ; elapsed = 00:02:19 . Memory (MB): peak = 904.613 ; gain = 646.270
Finished Renaming Generated Nets : Time (s): cpu = 00:02:15 ; elapsed = 00:02:19 . Memory (MB): peak = 904.613 ; gain = 646.270

Report Cell Usage: 
+------+---------+------+
|      |Cell     |Count |
+------+---------+------+
|1     |AND2B1L  |     1|
|2     |LUT1     |    17|
|3     |LUT2     |    96|
|4     |LUT3     |   323|
|5     |LUT4     |   119|
|6     |LUT5     |   240|
|7     |LUT6     |   334|
|8     |LUT6_2   |    80|
|9     |MULT_AND |     1|
|10    |MUXCY_L  |   136|
|11    |MUXF7    |   109|
|12    |RAM32M   |    16|
|13    |SRL16E   |    89|
|14    |SRLC16E  |     8|
|15    |XORCY    |    94|
|16    |FDCE     |   143|
|17    |FDE      |    32|
|18    |FDR      |    87|
|19    |FDRE     |  1209|
|20    |FDS      |     1|
|21    |FDSE     |    36|
+------+---------+------+
Finished Writing Synthesis Report : Time (s): cpu = 00:02:15 ; elapsed = 00:02:19 . Memory (MB): peak = 904.613 ; gain = 646.270
synth_design: Time (s): cpu = 00:02:19 ; elapsed = 00:02:24 . Memory (MB): peak = 904.613 ; gain = 654.910
