
*** Running vivado
    with args -log microSense_top_level_top_level_SAR_0_0.vds -m64 -product Vivado -mode batch -messageDb vivado.pb -notrace -source microSense_top_level_top_level_SAR_0_0.tcl


****** Vivado v2017.3 (64-bit)
  **** SW Build 2018833 on Wed Oct  4 19:58:22 MDT 2017
  **** IP Build 2016188 on Wed Oct  4 21:52:56 MDT 2017
    ** Copyright 1986-2017 Xilinx, Inc. All Rights Reserved.

source microSense_top_level_top_level_SAR_0_0.tcl -notrace
Command: synth_design -top microSense_top_level_top_level_SAR_0_0 -part xc7a35tcpg236-1 -mode out_of_context
Starting synth_design
Attempting to get a license for feature 'Synthesis' and/or device 'xc7a35t'
INFO: [Common 17-349] Got license for feature 'Synthesis' and/or device 'xc7a35t'
INFO: Launching helper process for spawning children vivado processes
INFO: Helper process launched with PID 8544 
---------------------------------------------------------------------------------
Starting RTL Elaboration : Time (s): cpu = 00:00:07 ; elapsed = 00:00:07 . Memory (MB): peak = 350.168 ; gain = 93.465
---------------------------------------------------------------------------------
INFO: [Synth 8-638] synthesizing module 'microSense_top_level_top_level_SAR_0_0' [c:/Users/Aklas/Desktop/microSense_topLevel/microSense/microSense.srcs/sources_1/bd/microSense_top_level/ip/microSense_top_level_top_level_SAR_0_0/synth/microSense_top_level_top_level_SAR_0_0.vhd:66]
INFO: [Synth 8-3491] module 'top_level_SAR' declared at 'c:/Users/Aklas/Desktop/microSense_topLevel/microSense/microSense.srcs/sources_1/bd/microSense_top_level/ipshared/e2c6/top_level_SAR.vhd:4' bound to instance 'U0' of component 'top_level_SAR' [c:/Users/Aklas/Desktop/microSense_topLevel/microSense/microSense.srcs/sources_1/bd/microSense_top_level/ip/microSense_top_level_top_level_SAR_0_0/synth/microSense_top_level_top_level_SAR_0_0.vhd:91]
INFO: [Synth 8-638] synthesizing module 'top_level_SAR' [c:/Users/Aklas/Desktop/microSense_topLevel/microSense/microSense.srcs/sources_1/bd/microSense_top_level/ipshared/e2c6/top_level_SAR.vhd:16]
INFO: [Synth 8-3491] module 'SAR' declared at 'c:/Users/Aklas/Desktop/microSense_topLevel/microSense/microSense.srcs/sources_1/bd/microSense_top_level/ipshared/e2c6/SAR.vhd:7' bound to instance 'the_SAR' of component 'SAR' [c:/Users/Aklas/Desktop/microSense_topLevel/microSense/microSense.srcs/sources_1/bd/microSense_top_level/ipshared/e2c6/top_level_SAR.vhd:66]
INFO: [Synth 8-638] synthesizing module 'SAR' [c:/Users/Aklas/Desktop/microSense_topLevel/microSense/microSense.srcs/sources_1/bd/microSense_top_level/ipshared/e2c6/SAR.vhd:16]
INFO: [Synth 8-256] done synthesizing module 'SAR' (1#1) [c:/Users/Aklas/Desktop/microSense_topLevel/microSense/microSense.srcs/sources_1/bd/microSense_top_level/ipshared/e2c6/SAR.vhd:16]
INFO: [Synth 8-3491] module 'Averager' declared at 'c:/Users/Aklas/Desktop/microSense_topLevel/microSense/microSense.srcs/sources_1/bd/microSense_top_level/ipshared/e2c6/Averager.vhd:6' bound to instance 'the_Averager' of component 'Averager' [c:/Users/Aklas/Desktop/microSense_topLevel/microSense/microSense.srcs/sources_1/bd/microSense_top_level/ipshared/e2c6/top_level_SAR.vhd:75]
INFO: [Synth 8-638] synthesizing module 'Averager' [c:/Users/Aklas/Desktop/microSense_topLevel/microSense/microSense.srcs/sources_1/bd/microSense_top_level/ipshared/e2c6/Averager.vhd:14]
INFO: [Synth 8-256] done synthesizing module 'Averager' (2#1) [c:/Users/Aklas/Desktop/microSense_topLevel/microSense/microSense.srcs/sources_1/bd/microSense_top_level/ipshared/e2c6/Averager.vhd:14]
INFO: [Synth 8-3491] module 'PWM_generator' declared at 'c:/Users/Aklas/Desktop/microSense_topLevel/microSense/microSense.srcs/sources_1/bd/microSense_top_level/ipshared/e2c6/PWM_generator.vhd:6' bound to instance 'the_PWM_generator' of component 'PWM_generator' [c:/Users/Aklas/Desktop/microSense_topLevel/microSense/microSense.srcs/sources_1/bd/microSense_top_level/ipshared/e2c6/top_level_SAR.vhd:84]
INFO: [Synth 8-638] synthesizing module 'PWM_generator' [c:/Users/Aklas/Desktop/microSense_topLevel/microSense/microSense.srcs/sources_1/bd/microSense_top_level/ipshared/e2c6/PWM_generator.vhd:14]
INFO: [Synth 8-256] done synthesizing module 'PWM_generator' (3#1) [c:/Users/Aklas/Desktop/microSense_topLevel/microSense/microSense.srcs/sources_1/bd/microSense_top_level/ipshared/e2c6/PWM_generator.vhd:14]
	Parameter period bound to: 499999 - type: integer 
	Parameter WIDTH bound to: 19 - type: integer 
INFO: [Synth 8-3491] module 'downcounter_fixed' declared at 'c:/Users/Aklas/Desktop/microSense_topLevel/microSense/microSense.srcs/sources_1/bd/microSense_top_level/ipshared/e2c6/downcounter_fixed.vhd:34' bound to instance 'the_fiveRC_clock' of component 'downcounter_fixed' [c:/Users/Aklas/Desktop/microSense_topLevel/microSense/microSense.srcs/sources_1/bd/microSense_top_level/ipshared/e2c6/top_level_SAR.vhd:92]
INFO: [Synth 8-638] synthesizing module 'downcounter_fixed' [c:/Users/Aklas/Desktop/microSense_topLevel/microSense/microSense.srcs/sources_1/bd/microSense_top_level/ipshared/e2c6/downcounter_fixed.vhd:38]
INFO: [Synth 8-256] done synthesizing module 'downcounter_fixed' (4#1) [c:/Users/Aklas/Desktop/microSense_topLevel/microSense/microSense.srcs/sources_1/bd/microSense_top_level/ipshared/e2c6/downcounter_fixed.vhd:38]
INFO: [Synth 8-3491] module 'ROM_mm' declared at 'c:/Users/Aklas/Desktop/microSense_topLevel/microSense/microSense.srcs/sources_1/bd/microSense_top_level/ipshared/e2c6/ROM_mm.vhd:5' bound to instance 'the_ROM_mm' of component 'ROM_mm' [c:/Users/Aklas/Desktop/microSense_topLevel/microSense/microSense.srcs/sources_1/bd/microSense_top_level/ipshared/e2c6/top_level_SAR.vhd:105]
INFO: [Synth 8-638] synthesizing module 'ROM_mm' [c:/Users/Aklas/Desktop/microSense_topLevel/microSense/microSense.srcs/sources_1/bd/microSense_top_level/ipshared/e2c6/ROM_mm.vhd:12]
INFO: [Synth 8-256] done synthesizing module 'ROM_mm' (5#1) [c:/Users/Aklas/Desktop/microSense_topLevel/microSense/microSense.srcs/sources_1/bd/microSense_top_level/ipshared/e2c6/ROM_mm.vhd:12]
WARNING: [Synth 8-115] binding instance 'the_fiveRC_clock' in module 'top_level_SAR' to reference 'downcounter_fixed' which has no pins
WARNING: [Synth 8-3848] Net average in module/entity top_level_SAR does not have driver. [c:/Users/Aklas/Desktop/microSense_topLevel/microSense/microSense.srcs/sources_1/bd/microSense_top_level/ipshared/e2c6/top_level_SAR.vhd:10]
WARNING: [Synth 8-3848] Net zero in module/entity top_level_SAR does not have driver. [c:/Users/Aklas/Desktop/microSense_topLevel/microSense/microSense.srcs/sources_1/bd/microSense_top_level/ipshared/e2c6/top_level_SAR.vhd:51]
INFO: [Synth 8-256] done synthesizing module 'top_level_SAR' (6#1) [c:/Users/Aklas/Desktop/microSense_topLevel/microSense/microSense.srcs/sources_1/bd/microSense_top_level/ipshared/e2c6/top_level_SAR.vhd:16]
INFO: [Synth 8-256] done synthesizing module 'microSense_top_level_top_level_SAR_0_0' (7#1) [c:/Users/Aklas/Desktop/microSense_topLevel/microSense/microSense.srcs/sources_1/bd/microSense_top_level/ip/microSense_top_level_top_level_SAR_0_0/synth/microSense_top_level_top_level_SAR_0_0.vhd:66]
WARNING: [Synth 8-3331] design PWM_generator has unconnected port reset
WARNING: [Synth 8-3331] design top_level_SAR has unconnected port average[8]
WARNING: [Synth 8-3331] design top_level_SAR has unconnected port average[7]
WARNING: [Synth 8-3331] design top_level_SAR has unconnected port average[6]
WARNING: [Synth 8-3331] design top_level_SAR has unconnected port average[5]
WARNING: [Synth 8-3331] design top_level_SAR has unconnected port average[4]
WARNING: [Synth 8-3331] design top_level_SAR has unconnected port average[3]
WARNING: [Synth 8-3331] design top_level_SAR has unconnected port average[2]
WARNING: [Synth 8-3331] design top_level_SAR has unconnected port average[1]
WARNING: [Synth 8-3331] design top_level_SAR has unconnected port average[0]
---------------------------------------------------------------------------------
Finished RTL Elaboration : Time (s): cpu = 00:00:08 ; elapsed = 00:00:08 . Memory (MB): peak = 393.250 ; gain = 136.547
---------------------------------------------------------------------------------

Report Check Netlist: 
+------+------------------+-------+---------+-------+------------------+
|      |Item              |Errors |Warnings |Status |Description       |
+------+------------------+-------+---------+-------+------------------+
|1     |multi_driven_nets |      0|        0|Passed |Multi driven nets |
+------+------------------+-------+---------+-------+------------------+
WARNING: [Synth 8-3295] tying undriven pin the_SAR:enable to constant 0 [c:/Users/Aklas/Desktop/microSense_topLevel/microSense/microSense.srcs/sources_1/bd/microSense_top_level/ipshared/e2c6/top_level_SAR.vhd:66]
WARNING: [Synth 8-3295] tying undriven pin the_Averager:enable to constant 0 [c:/Users/Aklas/Desktop/microSense_topLevel/microSense/microSense.srcs/sources_1/bd/microSense_top_level/ipshared/e2c6/top_level_SAR.vhd:75]
---------------------------------------------------------------------------------
Finished RTL Optimization Phase 1 : Time (s): cpu = 00:00:08 ; elapsed = 00:00:08 . Memory (MB): peak = 393.250 ; gain = 136.547
---------------------------------------------------------------------------------
INFO: [Device 21-403] Loading part xc7a35tcpg236-1
INFO: [Project 1-570] Preparing netlist for logic optimization

Processing XDC Constraints
Initializing timing engine
Completed Processing XDC Constraints

INFO: [Project 1-111] Unisim Transformation Summary:
No Unisim elements were transformed.

Constraint Validation Runtime : Time (s): cpu = 00:00:00 ; elapsed = 00:00:00.011 . Memory (MB): peak = 689.203 ; gain = 0.000
---------------------------------------------------------------------------------
Finished Constraint Validation : Time (s): cpu = 00:00:20 ; elapsed = 00:00:21 . Memory (MB): peak = 689.203 ; gain = 432.500
---------------------------------------------------------------------------------
---------------------------------------------------------------------------------
Start Loading Part and Timing Information
---------------------------------------------------------------------------------
Loading part: xc7a35tcpg236-1
---------------------------------------------------------------------------------
Finished Loading Part and Timing Information : Time (s): cpu = 00:00:20 ; elapsed = 00:00:21 . Memory (MB): peak = 689.203 ; gain = 432.500
---------------------------------------------------------------------------------
---------------------------------------------------------------------------------
Start Applying 'set_property' XDC Constraints
---------------------------------------------------------------------------------
---------------------------------------------------------------------------------
Finished applying 'set_property' XDC Constraints : Time (s): cpu = 00:00:20 ; elapsed = 00:00:21 . Memory (MB): peak = 689.203 ; gain = 432.500
---------------------------------------------------------------------------------
WARNING: [Synth 8-6014] Unused sequential element bit_counter_reg was removed.  [c:/Users/Aklas/Desktop/microSense_topLevel/microSense/microSense.srcs/sources_1/bd/microSense_top_level/ipshared/e2c6/SAR.vhd:28]
WARNING: [Synth 8-6014] Unused sequential element counter_reg was removed.  [c:/Users/Aklas/Desktop/microSense_topLevel/microSense/microSense.srcs/sources_1/bd/microSense_top_level/ipshared/e2c6/Averager.vhd:26]
WARNING: [Synth 8-6014] Unused sequential element sample_counter_reg was removed.  [c:/Users/Aklas/Desktop/microSense_topLevel/microSense/microSense.srcs/sources_1/bd/microSense_top_level/ipshared/e2c6/Averager.vhd:27]
WARNING: [Synth 8-115] binding instance 'the_fiveRC_clock' in module 'top_level_SAR' to reference 'downcounter_fixed' which has no pins
---------------------------------------------------------------------------------
Finished RTL Optimization Phase 2 : Time (s): cpu = 00:00:21 ; elapsed = 00:00:21 . Memory (MB): peak = 689.203 ; gain = 432.500
---------------------------------------------------------------------------------

Report RTL Partitions: 
+-+--------------+------------+----------+
| |RTL Partition |Replication |Instances |
+-+--------------+------------+----------+
+-+--------------+------------+----------+
---------------------------------------------------------------------------------
Start RTL Component Statistics 
---------------------------------------------------------------------------------
Detailed RTL Component Info : 
+---Adders : 
	   2 Input     13 Bit       Adders := 1     
	   2 Input      9 Bit       Adders := 1     
	   2 Input      6 Bit       Adders := 2     
	   2 Input      4 Bit       Adders := 1     
+---Registers : 
	               13 Bit    Registers := 2     
	                9 Bit    Registers := 4     
	                6 Bit    Registers := 2     
	                4 Bit    Registers := 1     
	                1 Bit    Registers := 3     
+---Muxes : 
	   3 Input     13 Bit        Muxes := 1     
	   2 Input     13 Bit        Muxes := 1     
	  13 Input      9 Bit        Muxes := 1     
	   2 Input      9 Bit        Muxes := 1     
	   2 Input      1 Bit        Muxes := 9     
	  11 Input      1 Bit        Muxes := 2     
---------------------------------------------------------------------------------
Finished RTL Component Statistics 
---------------------------------------------------------------------------------
---------------------------------------------------------------------------------
Start RTL Hierarchical Component Statistics 
---------------------------------------------------------------------------------
Hierarchical RTL Component report 
Module SAR 
Detailed RTL Component Info : 
+---Adders : 
	   2 Input      4 Bit       Adders := 1     
+---Registers : 
	                9 Bit    Registers := 3     
	                4 Bit    Registers := 1     
	                1 Bit    Registers := 3     
+---Muxes : 
	  13 Input      9 Bit        Muxes := 1     
	   2 Input      1 Bit        Muxes := 7     
	  11 Input      1 Bit        Muxes := 2     
Module Averager 
Detailed RTL Component Info : 
+---Adders : 
	   2 Input     13 Bit       Adders := 1     
	   2 Input      6 Bit       Adders := 2     
+---Registers : 
	               13 Bit    Registers := 2     
	                6 Bit    Registers := 2     
+---Muxes : 
	   3 Input     13 Bit        Muxes := 1     
	   2 Input     13 Bit        Muxes := 1     
	   2 Input      1 Bit        Muxes := 2     
Module PWM_generator 
Detailed RTL Component Info : 
+---Adders : 
	   2 Input      9 Bit       Adders := 1     
+---Registers : 
	                9 Bit    Registers := 1     
+---Muxes : 
	   2 Input      9 Bit        Muxes := 1     
---------------------------------------------------------------------------------
Finished RTL Hierarchical Component Statistics
---------------------------------------------------------------------------------
---------------------------------------------------------------------------------
Start Part Resource Summary
---------------------------------------------------------------------------------
Part Resources:
DSPs: 90 (col length:60)
BRAMs: 100 (col length: RAMB18 60 RAMB36 30)
---------------------------------------------------------------------------------
Finished Part Resource Summary
---------------------------------------------------------------------------------
---------------------------------------------------------------------------------
Start Cross Boundary and Area Optimization
---------------------------------------------------------------------------------
WARNING: [Synth 8-6014] Unused sequential element U0/the_SAR/sample_reg was removed.  [c:/Users/Aklas/Desktop/microSense_topLevel/microSense/microSense.srcs/sources_1/bd/microSense_top_level/ipshared/e2c6/SAR.vhd:69]
WARNING: [Synth 8-6014] Unused sequential element U0/the_Averager/itotal_reg was removed.  [c:/Users/Aklas/Desktop/microSense_topLevel/microSense/microSense.srcs/sources_1/bd/microSense_top_level/ipshared/e2c6/Averager.vhd:26]
WARNING: [Synth 8-6014] Unused sequential element U0/the_Averager/total_reg was removed.  [c:/Users/Aklas/Desktop/microSense_topLevel/microSense/microSense.srcs/sources_1/bd/microSense_top_level/ipshared/e2c6/Averager.vhd:21]
WARNING: [Synth 8-6014] Unused sequential element U0/the_SAR/bit_counter_reg was removed.  [c:/Users/Aklas/Desktop/microSense_topLevel/microSense/microSense.srcs/sources_1/bd/microSense_top_level/ipshared/e2c6/SAR.vhd:28]
WARNING: [Synth 8-6014] Unused sequential element U0/the_Averager/counter_reg was removed.  [c:/Users/Aklas/Desktop/microSense_topLevel/microSense/microSense.srcs/sources_1/bd/microSense_top_level/ipshared/e2c6/Averager.vhd:26]
WARNING: [Synth 8-6014] Unused sequential element U0/the_Averager/sample_counter_reg was removed.  [c:/Users/Aklas/Desktop/microSense_topLevel/microSense/microSense.srcs/sources_1/bd/microSense_top_level/ipshared/e2c6/Averager.vhd:27]
WARNING: [Synth 8-3331] design microSense_top_level_top_level_SAR_0_0 has unconnected port average[8]
WARNING: [Synth 8-3331] design microSense_top_level_top_level_SAR_0_0 has unconnected port average[7]
WARNING: [Synth 8-3331] design microSense_top_level_top_level_SAR_0_0 has unconnected port average[6]
WARNING: [Synth 8-3331] design microSense_top_level_top_level_SAR_0_0 has unconnected port average[5]
WARNING: [Synth 8-3331] design microSense_top_level_top_level_SAR_0_0 has unconnected port average[4]
WARNING: [Synth 8-3331] design microSense_top_level_top_level_SAR_0_0 has unconnected port average[3]
WARNING: [Synth 8-3331] design microSense_top_level_top_level_SAR_0_0 has unconnected port average[2]
WARNING: [Synth 8-3331] design microSense_top_level_top_level_SAR_0_0 has unconnected port average[1]
WARNING: [Synth 8-3331] design microSense_top_level_top_level_SAR_0_0 has unconnected port average[0]
INFO: [Synth 8-3332] Sequential element (U0/the_Averager/counter_reg[5]) is unused and will be removed from module microSense_top_level_top_level_SAR_0_0.
INFO: [Synth 8-3332] Sequential element (U0/the_Averager/counter_reg[4]) is unused and will be removed from module microSense_top_level_top_level_SAR_0_0.
INFO: [Synth 8-3332] Sequential element (U0/the_Averager/counter_reg[3]) is unused and will be removed from module microSense_top_level_top_level_SAR_0_0.
INFO: [Synth 8-3332] Sequential element (U0/the_Averager/counter_reg[2]) is unused and will be removed from module microSense_top_level_top_level_SAR_0_0.
INFO: [Synth 8-3332] Sequential element (U0/the_Averager/counter_reg[1]) is unused and will be removed from module microSense_top_level_top_level_SAR_0_0.
INFO: [Synth 8-3332] Sequential element (U0/the_Averager/counter_reg[0]) is unused and will be removed from module microSense_top_level_top_level_SAR_0_0.
INFO: [Synth 8-3332] Sequential element (U0/the_Averager/sample_counter_reg[5]) is unused and will be removed from module microSense_top_level_top_level_SAR_0_0.
INFO: [Synth 8-3332] Sequential element (U0/the_Averager/sample_counter_reg[4]) is unused and will be removed from module microSense_top_level_top_level_SAR_0_0.
INFO: [Synth 8-3332] Sequential element (U0/the_Averager/sample_counter_reg[3]) is unused and will be removed from module microSense_top_level_top_level_SAR_0_0.
INFO: [Synth 8-3332] Sequential element (U0/the_Averager/sample_counter_reg[2]) is unused and will be removed from module microSense_top_level_top_level_SAR_0_0.
INFO: [Synth 8-3332] Sequential element (U0/the_Averager/sample_counter_reg[1]) is unused and will be removed from module microSense_top_level_top_level_SAR_0_0.
INFO: [Synth 8-3332] Sequential element (U0/the_Averager/sample_counter_reg[0]) is unused and will be removed from module microSense_top_level_top_level_SAR_0_0.
INFO: [Synth 8-3332] Sequential element (U0/the_SAR/isample_reg[0]) is unused and will be removed from module microSense_top_level_top_level_SAR_0_0.
---------------------------------------------------------------------------------
Finished Cross Boundary and Area Optimization : Time (s): cpu = 00:00:22 ; elapsed = 00:00:23 . Memory (MB): peak = 689.203 ; gain = 432.500
---------------------------------------------------------------------------------
---------------------------------------------------------------------------------
Start ROM, RAM, DSP and Shift Register Reporting
---------------------------------------------------------------------------------

ROM:
+------------+------------+---------------+----------------+
|Module Name | RTL Object | Depth x Width | Implemented As | 
+------------+------------+---------------+----------------+
|ROM_mm      | STOR[0]    | 512x9         | LUT            | 
+------------+------------+---------------+----------------+

---------------------------------------------------------------------------------
Finished ROM, RAM, DSP and Shift Register Reporting
---------------------------------------------------------------------------------

Report RTL Partitions: 
+-+--------------+------------+----------+
| |RTL Partition |Replication |Instances |
+-+--------------+------------+----------+
+-+--------------+------------+----------+
---------------------------------------------------------------------------------
Start Applying XDC Timing Constraints
---------------------------------------------------------------------------------
---------------------------------------------------------------------------------
Finished Applying XDC Timing Constraints : Time (s): cpu = 00:00:33 ; elapsed = 00:00:34 . Memory (MB): peak = 689.203 ; gain = 432.500
---------------------------------------------------------------------------------
---------------------------------------------------------------------------------
Start Timing Optimization
---------------------------------------------------------------------------------
---------------------------------------------------------------------------------
Finished Timing Optimization : Time (s): cpu = 00:00:33 ; elapsed = 00:00:34 . Memory (MB): peak = 689.203 ; gain = 432.500
---------------------------------------------------------------------------------

Report RTL Partitions: 
+-+--------------+------------+----------+
| |RTL Partition |Replication |Instances |
+-+--------------+------------+----------+
+-+--------------+------------+----------+
---------------------------------------------------------------------------------
Start Technology Mapping
---------------------------------------------------------------------------------
---------------------------------------------------------------------------------
Finished Technology Mapping : Time (s): cpu = 00:00:33 ; elapsed = 00:00:34 . Memory (MB): peak = 689.203 ; gain = 432.500
---------------------------------------------------------------------------------

Report RTL Partitions: 
+-+--------------+------------+----------+
| |RTL Partition |Replication |Instances |
+-+--------------+------------+----------+
+-+--------------+------------+----------+
---------------------------------------------------------------------------------
Start IO Insertion
---------------------------------------------------------------------------------
---------------------------------------------------------------------------------
Start Flattening Before IO Insertion
---------------------------------------------------------------------------------
---------------------------------------------------------------------------------
Finished Flattening Before IO Insertion
---------------------------------------------------------------------------------
---------------------------------------------------------------------------------
Start Final Netlist Cleanup
---------------------------------------------------------------------------------
INFO: [Synth 8-4649] Removing BlackBox instance \U0/the_fiveRC_clock  of module downcounter_fixed having unconnected or no output ports
---------------------------------------------------------------------------------
Finished Final Netlist Cleanup
---------------------------------------------------------------------------------
---------------------------------------------------------------------------------
Finished IO Insertion : Time (s): cpu = 00:00:34 ; elapsed = 00:00:35 . Memory (MB): peak = 689.203 ; gain = 432.500
---------------------------------------------------------------------------------

Report Check Netlist: 
+------+------------------+-------+---------+-------+------------------+
|      |Item              |Errors |Warnings |Status |Description       |
+------+------------------+-------+---------+-------+------------------+
|1     |multi_driven_nets |      0|        0|Passed |Multi driven nets |
+------+------------------+-------+---------+-------+------------------+
---------------------------------------------------------------------------------
Start Renaming Generated Instances
---------------------------------------------------------------------------------
---------------------------------------------------------------------------------
Finished Renaming Generated Instances : Time (s): cpu = 00:00:34 ; elapsed = 00:00:35 . Memory (MB): peak = 689.203 ; gain = 432.500
---------------------------------------------------------------------------------

Report RTL Partitions: 
+-+--------------+------------+----------+
| |RTL Partition |Replication |Instances |
+-+--------------+------------+----------+
+-+--------------+------------+----------+
---------------------------------------------------------------------------------
Start Rebuilding User Hierarchy
---------------------------------------------------------------------------------
---------------------------------------------------------------------------------
Finished Rebuilding User Hierarchy : Time (s): cpu = 00:00:34 ; elapsed = 00:00:35 . Memory (MB): peak = 689.203 ; gain = 432.500
---------------------------------------------------------------------------------
---------------------------------------------------------------------------------
Start Renaming Generated Ports
---------------------------------------------------------------------------------
---------------------------------------------------------------------------------
Finished Renaming Generated Ports : Time (s): cpu = 00:00:34 ; elapsed = 00:00:35 . Memory (MB): peak = 689.203 ; gain = 432.500
---------------------------------------------------------------------------------
---------------------------------------------------------------------------------
Start Handling Custom Attributes
---------------------------------------------------------------------------------
---------------------------------------------------------------------------------
Finished Handling Custom Attributes : Time (s): cpu = 00:00:34 ; elapsed = 00:00:35 . Memory (MB): peak = 689.203 ; gain = 432.500
---------------------------------------------------------------------------------
---------------------------------------------------------------------------------
Start Renaming Generated Nets
---------------------------------------------------------------------------------
---------------------------------------------------------------------------------
Finished Renaming Generated Nets : Time (s): cpu = 00:00:34 ; elapsed = 00:00:35 . Memory (MB): peak = 689.203 ; gain = 432.500
---------------------------------------------------------------------------------
---------------------------------------------------------------------------------
Start Writing Synthesis Report
---------------------------------------------------------------------------------

Report BlackBoxes: 
+-+--------------+----------+
| |BlackBox name |Instances |
+-+--------------+----------+
+-+--------------+----------+

Report Cell Usage: 
+------+-------+------+
|      |Cell   |Count |
+------+-------+------+
|1     |CARRY4 |     2|
|2     |LUT1   |     2|
|3     |LUT2   |     6|
|4     |LUT3   |     4|
|5     |LUT4   |    15|
|6     |LUT5   |     8|
|7     |LUT6   |    24|
|8     |FDRE   |    32|
|9     |FDSE   |     1|
+------+-------+------+

Report Instance Areas: 
+------+----------------------+--------------+------+
|      |Instance              |Module        |Cells |
+------+----------------------+--------------+------+
|1     |top                   |              |    94|
|2     |  U0                  |top_level_SAR |    94|
|3     |    the_PWM_generator |PWM_generator |    26|
|4     |    the_SAR           |SAR           |    68|
+------+----------------------+--------------+------+
---------------------------------------------------------------------------------
Finished Writing Synthesis Report : Time (s): cpu = 00:00:34 ; elapsed = 00:00:35 . Memory (MB): peak = 689.203 ; gain = 432.500
---------------------------------------------------------------------------------
Synthesis finished with 0 errors, 0 critical warnings and 19 warnings.
Synthesis Optimization Runtime : Time (s): cpu = 00:00:21 ; elapsed = 00:00:29 . Memory (MB): peak = 689.203 ; gain = 136.547
Synthesis Optimization Complete : Time (s): cpu = 00:00:34 ; elapsed = 00:00:35 . Memory (MB): peak = 689.203 ; gain = 432.500
INFO: [Project 1-571] Translating synthesized netlist
INFO: [Netlist 29-17] Analyzing 2 Unisim elements for replacement
INFO: [Netlist 29-28] Unisim Transformation completed in 0 CPU seconds
INFO: [Project 1-570] Preparing netlist for logic optimization
INFO: [Opt 31-138] Pushed 0 inverter(s) to 0 load pin(s).
INFO: [Project 1-111] Unisim Transformation Summary:
No Unisim elements were transformed.

INFO: [Common 17-83] Releasing license: Synthesis
45 Infos, 34 Warnings, 0 Critical Warnings and 0 Errors encountered.
synth_design completed successfully
synth_design: Time (s): cpu = 00:00:35 ; elapsed = 00:00:36 . Memory (MB): peak = 689.203 ; gain = 441.395
INFO: [Common 17-1381] The checkpoint 'C:/Users/Aklas/Desktop/microSense_topLevel/microSense/microSense.runs/microSense_top_level_top_level_SAR_0_0_synth_1/microSense_top_level_top_level_SAR_0_0.dcp' has been generated.
